<?xml version="1.0" encoding="UTF-8"?>
<coverage generated="1763155123558" clover="3.2.0">
  <project timestamp="1763155123558" name="All files">
    <metrics statements="1001" coveredstatements="696" conditionals="540" coveredconditionals="295" methods="178" coveredmethods="103" elements="1719" coveredelements="1094" complexity="0" loc="1001" ncloc="1001" packages="10" files="36" classes="36"/>
    <package name="src">
      <metrics statements="128" coveredstatements="63" conditionals="52" coveredconditionals="17" methods="14" coveredmethods="2"/>
      <file name="app.js" path="/Users/zane/playground/liquid-labs/pluggable-express/src/app.js">
        <metrics statements="109" coveredstatements="63" conditionals="48" coveredconditionals="17" methods="10" coveredmethods="2"/>
        <line num="1" count="4" type="stmt"/>
        <line num="2" count="4" type="stmt"/>
        <line num="3" count="4" type="stmt"/>
        <line num="5" count="4" type="stmt"/>
        <line num="6" count="4" type="stmt"/>
        <line num="7" count="4" type="stmt"/>
        <line num="9" count="4" type="stmt"/>
        <line num="10" count="4" type="stmt"/>
        <line num="11" count="4" type="stmt"/>
        <line num="13" count="4" type="stmt"/>
        <line num="14" count="4" type="stmt"/>
        <line num="15" count="4" type="stmt"/>
        <line num="16" count="4" type="stmt"/>
        <line num="17" count="4" type="stmt"/>
        <line num="18" count="280" type="cond" truecount="6" falsecount="0"/>
        <line num="20" count="4" type="stmt"/>
        <line num="21" count="4" type="stmt"/>
        <line num="22" count="4" type="stmt"/>
        <line num="23" count="4" type="stmt"/>
        <line num="43" count="4" type="stmt"/>
        <line num="44" count="7" type="stmt"/>
        <line num="53" count="0" type="cond" truecount="0" falsecount="1"/>
        <line num="56" count="7" type="stmt"/>
        <line num="59" count="7" type="stmt"/>
        <line num="63" count="7" type="stmt"/>
        <line num="65" count="7" type="cond" truecount="2" falsecount="0"/>
        <line num="69" count="7" type="stmt"/>
        <line num="72" count="0" type="stmt"/>
        <line num="76" count="7" type="stmt"/>
        <line num="77" count="7" type="stmt"/>
        <line num="78" count="7" type="stmt"/>
        <line num="81" count="7" type="stmt"/>
        <line num="101" count="7" type="stmt"/>
        <line num="102" count="7" type="cond" truecount="0" falsecount="1"/>
        <line num="103" count="0" type="stmt"/>
        <line num="108" count="7" type="stmt"/>
        <line num="109" count="0" type="stmt"/>
        <line num="110" count="0" type="stmt"/>
        <line num="113" count="7" type="stmt"/>
        <line num="115" count="7" type="stmt"/>
        <line num="118" count="7" type="stmt"/>
        <line num="119" count="7" type="stmt"/>
        <line num="120" count="7" type="stmt"/>
        <line num="123" count="7" type="stmt"/>
        <line num="125" count="7" type="cond" truecount="1" falsecount="0"/>
        <line num="126" count="3" type="stmt"/>
        <line num="127" count="3" type="stmt"/>
        <line num="131" count="7" type="cond" truecount="1" falsecount="0"/>
        <line num="132" count="7" type="stmt"/>
        <line num="133" count="7" type="stmt"/>
        <line num="136" count="7" type="cond" truecount="5" falsecount="0"/>
        <line num="137" count="3" type="stmt"/>
        <line num="138" count="4" type="stmt"/>
        <line num="139" count="4" type="stmt"/>
        <line num="143" count="7" type="stmt"/>
        <line num="144" count="3" type="stmt"/>
        <line num="148" count="7" type="stmt"/>
        <line num="149" count="0" type="stmt"/>
        <line num="150" count="0" type="stmt"/>
        <line num="151" count="0" type="stmt"/>
        <line num="152" count="0" type="stmt"/>
        <line num="158" count="0" type="stmt"/>
        <line num="159" count="0" type="cond" truecount="0" falsecount="2"/>
        <line num="160" count="0" type="stmt"/>
        <line num="161" count="0" type="stmt"/>
        <line num="163" count="0" type="stmt"/>
        <line num="164" count="0" type="cond" truecount="0" falsecount="1"/>
        <line num="165" count="0" type="stmt"/>
        <line num="167" count="0" type="stmt"/>
        <line num="170" count="7" type="stmt"/>
        <line num="171" count="0" type="cond" truecount="0" falsecount="1"/>
        <line num="173" count="0" type="cond" truecount="0" falsecount="2"/>
        <line num="174" count="0" type="stmt"/>
        <line num="176" count="0" type="cond" truecount="0" falsecount="4"/>
        <line num="181" count="0" type="stmt"/>
        <line num="183" count="0" type="cond" truecount="0" falsecount="4"/>
        <line num="184" count="0" type="stmt"/>
        <line num="187" count="0" type="stmt"/>
        <line num="190" count="0" type="cond" truecount="0" falsecount="2"/>
        <line num="191" count="0" type="stmt"/>
        <line num="194" count="0" type="cond" truecount="0" falsecount="2"/>
        <line num="195" count="0" type="stmt"/>
        <line num="198" count="0" type="stmt"/>
        <line num="199" count="0" type="stmt"/>
        <line num="201" count="0" type="stmt"/>
        <line num="205" count="7" type="stmt"/>
        <line num="207" count="7" type="stmt"/>
        <line num="208" count="7" type="stmt"/>
        <line num="209" count="0" type="stmt"/>
        <line num="211" count="7" type="stmt"/>
        <line num="212" count="7" type="stmt"/>
        <line num="214" count="7" type="cond" truecount="0" falsecount="1"/>
        <line num="215" count="0" type="stmt"/>
        <line num="216" count="0" type="cond" truecount="0" falsecount="2"/>
        <line num="217" count="0" type="stmt"/>
        <line num="220" count="7" type="stmt"/>
        <line num="223" count="0" type="stmt"/>
        <line num="224" count="0" type="stmt"/>
        <line num="228" count="4" type="stmt"/>
        <line num="229" count="4" type="cond" truecount="0" falsecount="1"/>
        <line num="230" count="0" type="stmt"/>
        <line num="232" count="0" type="stmt"/>
        <line num="233" count="0" type="stmt"/>
        <line num="234" count="0" type="stmt"/>
        <line num="235" count="0" type="stmt"/>
        <line num="236" count="0" type="stmt"/>
        <line num="237" count="0" type="stmt"/>
        <line num="239" count="0" type="stmt"/>
        <line num="242" count="4" type="stmt"/>
      </file>
      <file name="server.mjs" path="/Users/zane/playground/liquid-labs/pluggable-express/src/server.mjs">
        <metrics statements="19" coveredstatements="0" conditionals="4" coveredconditionals="0" methods="4" coveredmethods="0"/>
        <line num="1" count="0" type="stmt"/>
        <line num="3" count="0" type="stmt"/>
        <line num="10" count="0" type="cond" truecount="0" falsecount="2"/>
        <line num="12" count="0" type="cond" truecount="0" falsecount="1"/>
        <line num="13" count="0" type="stmt"/>
        <line num="16" count="0" type="stmt"/>
        <line num="18" count="0" type="stmt"/>
        <line num="19" count="0" type="cond" truecount="0" falsecount="1"/>
        <line num="20" count="0" type="stmt"/>
        <line num="21" count="0" type="stmt"/>
        <line num="24" count="0" type="stmt"/>
        <line num="25" count="0" type="stmt"/>
        <line num="29" count="0" type="stmt"/>
        <line num="30" count="0" type="stmt"/>
        <line num="31" count="0" type="stmt"/>
        <line num="32" count="0" type="stmt"/>
        <line num="36" count="0" type="stmt"/>
        <line num="39" count="0" type="stmt"/>
        <line num="40" count="0" type="stmt"/>
      </file>
    </package>
    <package name="src.handlers">
      <metrics statements="9" coveredstatements="6" conditionals="0" coveredconditionals="0" methods="2" coveredmethods="1"/>
      <file name="heartbeat.mjs" path="/Users/zane/playground/liquid-labs/pluggable-express/src/handlers/heartbeat.mjs">
        <metrics statements="9" coveredstatements="6" conditionals="0" coveredconditionals="0" methods="2" coveredmethods="1"/>
        <line num="1" count="4" type="stmt"/>
        <line num="6" count="4" type="stmt"/>
        <line num="7" count="4" type="stmt"/>
        <line num="8" count="4" type="stmt"/>
        <line num="10" count="7" type="stmt"/>
        <line num="11" count="0" type="stmt"/>
        <line num="12" count="0" type="stmt"/>
        <line num="13" count="0" type="stmt"/>
        <line num="15" count="4" type="stmt"/>
      </file>
    </package>
    <package name="src.handlers.help">
      <metrics statements="8" coveredstatements="8" conditionals="0" coveredconditionals="0" methods="0" coveredmethods="0"/>
      <file name="help.mjs" path="/Users/zane/playground/liquid-labs/pluggable-express/src/handlers/help/help.mjs">
        <metrics statements="8" coveredstatements="8" conditionals="0" coveredconditionals="0" methods="0" coveredmethods="0"/>
        <line num="1" count="4" type="stmt"/>
        <line num="3" count="4" type="stmt"/>
        <line num="5" count="4" type="stmt"/>
        <line num="6" count="4" type="stmt"/>
        <line num="7" count="4" type="stmt"/>
        <line num="16" count="4" type="stmt"/>
        <line num="18" count="4" type="stmt"/>
        <line num="23" count="4" type="stmt"/>
      </file>
    </package>
    <package name="src.handlers.help.lib">
      <metrics statements="108" coveredstatements="25" conditionals="70" coveredconditionals="0" methods="21" coveredmethods="3"/>
      <file name="formatter-md.mjs" path="/Users/zane/playground/liquid-labs/pluggable-express/src/handlers/help/lib/formatter-md.mjs">
        <metrics statements="31" coveredstatements="4" conditionals="25" coveredconditionals="0" methods="5" coveredmethods="0"/>
        <line num="1" count="4" type="stmt"/>
        <line num="3" count="4" type="stmt"/>
        <line num="4" count="0" type="cond" truecount="0" falsecount="2"/>
        <line num="5" count="0" type="cond" truecount="0" falsecount="2"/>
        <line num="6" count="0" type="cond" truecount="0" falsecount="2"/>
        <line num="13" count="0" type="stmt"/>
        <line num="14" count="0" type="cond" truecount="0" falsecount="1"/>
        <line num="16" count="0" type="stmt"/>
        <line num="19" count="4" type="cond" truecount="0" falsecount="2"/>
        <line num="20" count="0" type="cond" truecount="0" falsecount="2"/>
        <line num="22" count="0" type="cond" truecount="0" falsecount="1"/>
        <line num="23" count="0" type="stmt"/>
        <line num="26" count="0" type="cond" truecount="0" falsecount="1"/>
        <line num="27" count="0" type="stmt"/>
        <line num="28" count="0" type="stmt"/>
        <line num="29" count="0" type="stmt"/>
        <line num="30" count="0" type="stmt"/>
        <line num="31" count="0" type="stmt"/>
        <line num="32" count="0" type="stmt"/>
        <line num="36" count="0" type="cond" truecount="0" falsecount="1"/>
        <line num="37" count="0" type="stmt"/>
        <line num="38" count="0" type="stmt"/>
        <line num="41" count="0" type="cond" truecount="0" falsecount="1"/>
        <line num="42" count="0" type="stmt"/>
        <line num="43" count="0" type="stmt"/>
        <line num="44" count="0" type="cond" truecount="0" falsecount="2"/>
        <line num="45" count="0" type="cond" truecount="0" falsecount="2"/>
        <line num="48" count="0" type="cond" truecount="0" falsecount="2"/>
        <line num="51" count="0" type="stmt"/>
        <line num="55" count="0" type="stmt"/>
        <line num="56" count="4" type="stmt"/>
      </file>
      <file name="formatter-terminal.mjs" path="/Users/zane/playground/liquid-labs/pluggable-express/src/handlers/help/lib/formatter-terminal.mjs">
        <metrics statements="34" coveredstatements="4" conditionals="22" coveredconditionals="0" methods="6" coveredmethods="0"/>
        <line num="2" count="4" type="stmt"/>
        <line num="3" count="0" type="cond" truecount="0" falsecount="2"/>
        <line num="4" count="0" type="cond" truecount="0" falsecount="2"/>
        <line num="5" count="0" type="cond" truecount="0" falsecount="2"/>
        <line num="12" count="0" type="stmt"/>
        <line num="13" count="0" type="cond" truecount="0" falsecount="2"/>
        <line num="15" count="0" type="stmt"/>
        <line num="18" count="4" type="stmt"/>
        <line num="19" count="4" type="cond" truecount="0" falsecount="2"/>
        <line num="20" count="0" type="stmt"/>
        <line num="22" count="0" type="stmt"/>
        <line num="23" count="0" type="stmt"/>
        <line num="25" count="0" type="stmt"/>
        <line num="27" count="0" type="cond" truecount="0" falsecount="1"/>
        <line num="28" count="0" type="stmt"/>
        <line num="31" count="0" type="cond" truecount="0" falsecount="1"/>
        <line num="32" count="0" type="stmt"/>
        <line num="33" count="0" type="stmt"/>
        <line num="34" count="0" type="stmt"/>
        <line num="35" count="0" type="stmt"/>
        <line num="36" count="0" type="stmt"/>
        <line num="37" count="0" type="stmt"/>
        <line num="39" count="0" type="stmt"/>
        <line num="42" count="0" type="cond" truecount="0" falsecount="1"/>
        <line num="43" count="0" type="stmt"/>
        <line num="44" count="0" type="stmt"/>
        <line num="47" count="0" type="cond" truecount="0" falsecount="1"/>
        <line num="48" count="0" type="stmt"/>
        <line num="49" count="0" type="stmt"/>
        <line num="50" count="0" type="cond" truecount="0" falsecount="4"/>
        <line num="51" count="0" type="stmt"/>
        <line num="55" count="0" type="stmt"/>
        <line num="57" count="0" type="stmt"/>
        <line num="59" count="4" type="stmt"/>
      </file>
      <file name="formatter-text.mjs" path="/Users/zane/playground/liquid-labs/pluggable-express/src/handlers/help/lib/formatter-text.mjs">
        <metrics statements="29" coveredstatements="4" conditionals="21" coveredconditionals="0" methods="4" coveredmethods="0"/>
        <line num="1" count="4" type="stmt"/>
        <line num="4" count="4" type="stmt"/>
        <line num="5" count="0" type="cond" truecount="0" falsecount="2"/>
        <line num="6" count="0" type="cond" truecount="0" falsecount="2"/>
        <line num="7" count="0" type="cond" truecount="0" falsecount="2"/>
        <line num="14" count="0" type="stmt"/>
        <line num="15" count="0" type="cond" truecount="0" falsecount="1"/>
        <line num="17" count="0" type="stmt"/>
        <line num="20" count="4" type="stmt"/>
        <line num="21" count="0" type="cond" truecount="0" falsecount="2"/>
        <line num="23" count="0" type="cond" truecount="0" falsecount="1"/>
        <line num="24" count="0" type="stmt"/>
        <line num="27" count="0" type="cond" truecount="0" falsecount="1"/>
        <line num="28" count="0" type="stmt"/>
        <line num="29" count="0" type="stmt"/>
        <line num="30" count="0" type="stmt"/>
        <line num="31" count="0" type="stmt"/>
        <line num="32" count="0" type="stmt"/>
        <line num="34" count="0" type="stmt"/>
        <line num="38" count="0" type="cond" truecount="0" falsecount="1"/>
        <line num="39" count="0" type="stmt"/>
        <line num="40" count="0" type="stmt"/>
        <line num="43" count="0" type="cond" truecount="0" falsecount="1"/>
        <line num="44" count="0" type="stmt"/>
        <line num="45" count="0" type="stmt"/>
        <line num="46" count="0" type="cond" truecount="0" falsecount="4"/>
        <line num="47" count="0" type="stmt"/>
        <line num="51" count="0" type="stmt"/>
        <line num="52" count="4" type="stmt"/>
      </file>
      <file name="print-path.mjs" path="/Users/zane/playground/liquid-labs/pluggable-express/src/handlers/help/lib/print-path.mjs">
        <metrics statements="1" coveredstatements="1" conditionals="2" coveredconditionals="0" methods="2" coveredmethods="0"/>
        <line num="1" count="4" type="cond" truecount="0" falsecount="2"/>
      </file>
      <file name="send-help.mjs" path="/Users/zane/playground/liquid-labs/pluggable-express/src/handlers/help/lib/send-help.mjs">
        <metrics statements="13" coveredstatements="12" conditionals="0" coveredconditionals="0" methods="4" coveredmethods="3"/>
        <line num="1" count="4" type="stmt"/>
        <line num="3" count="4" type="stmt"/>
        <line num="4" count="4" type="stmt"/>
        <line num="5" count="4" type="stmt"/>
        <line num="7" count="4" type="stmt"/>
        <line num="8" count="4" type="stmt"/>
        <line num="10" count="4" type="stmt"/>
        <line num="11" count="88" type="stmt"/>
        <line num="12" count="160" type="stmt"/>
        <line num="14" count="91" type="stmt"/>
        <line num="15" count="0" type="stmt"/>
        <line num="31" count="88" type="stmt"/>
        <line num="32" count="4" type="stmt"/>
      </file>
    </package>
    <package name="src.handlers.server">
      <metrics statements="124" coveredstatements="97" conditionals="64" coveredconditionals="41" methods="13" coveredmethods="11"/>
      <file name="api.mjs" path="/Users/zane/playground/liquid-labs/pluggable-express/src/handlers/server/api.mjs">
        <metrics statements="7" coveredstatements="7" conditionals="0" coveredconditionals="0" methods="2" coveredmethods="2"/>
        <line num="1" count="4" type="stmt"/>
        <line num="7" count="4" type="stmt"/>
        <line num="8" count="4" type="stmt"/>
        <line num="9" count="4" type="stmt"/>
        <line num="11" count="7" type="stmt"/>
        <line num="12" count="1" type="stmt"/>
        <line num="13" count="4" type="stmt"/>
      </file>
      <file name="next-commands.mjs" path="/Users/zane/playground/liquid-labs/pluggable-express/src/handlers/server/next-commands.mjs">
        <metrics statements="84" coveredstatements="66" conditionals="57" coveredconditionals="35" methods="4" coveredmethods="4"/>
        <line num="1" count="4" type="stmt"/>
        <line num="2" count="4" type="stmt"/>
        <line num="4" count="4" type="stmt"/>
        <line num="10" count="4" type="stmt"/>
        <line num="11" count="4" type="stmt"/>
        <line num="12" count="4" type="stmt"/>
        <line num="19" count="4" type="stmt"/>
        <line num="20" count="4" type="stmt"/>
        <line num="22" count="7" type="stmt"/>
        <line num="23" count="46" type="stmt"/>
        <line num="24" count="46" type="stmt"/>
        <line num="25" count="46" type="cond" truecount="0" falsecount="1"/>
        <line num="27" count="46" type="stmt"/>
        <line num="29" count="46" type="stmt"/>
        <line num="30" count="46" type="stmt"/>
        <line num="31" count="46" type="stmt"/>
        <line num="34" count="46" type="stmt"/>
        <line num="35" count="46" type="stmt"/>
        <line num="36" count="46" type="cond" truecount="5" falsecount="0"/>
        <line num="37" count="24" type="stmt"/>
        <line num="38" count="24" type="stmt"/>
        <line num="39" count="24" type="stmt"/>
        <line num="42" count="22" type="stmt"/>
        <line num="43" count="22" type="stmt"/>
        <line num="44" count="22" type="stmt"/>
        <line num="46" count="46" type="cond" truecount="4" falsecount="0"/>
        <line num="47" count="7" type="stmt"/>
        <line num="50" count="46" type="stmt"/>
        <line num="52" count="46" type="stmt"/>
        <line num="53" count="108" type="stmt"/>
        <line num="54" count="108" type="stmt"/>
        <line num="55" count="108" type="cond" truecount="0" falsecount="1"/>
        <line num="57" count="108" type="stmt"/>
        <line num="58" count="108" type="cond" truecount="2" falsecount="0"/>
        <line num="59" count="102" type="stmt"/>
        <line num="63" count="6" type="stmt"/>
        <line num="64" count="6" type="stmt"/>
        <line num="65" count="26" type="cond" truecount="0" falsecount="1"/>
        <line num="70" count="0" type="stmt"/>
        <line num="71" count="0" type="stmt"/>
        <line num="72" count="0" type="stmt"/>
        <line num="73" count="0" type="stmt"/>
        <line num="74" count="0" type="stmt"/>
        <line num="75" count="0" type="stmt"/>
        <line num="76" count="0" type="cond" truecount="0" falsecount="4"/>
        <line num="77" count="0" type="cond" truecount="0" falsecount="5"/>
        <line num="79" count="0" type="cond" truecount="0" falsecount="5"/>
        <line num="82" count="0" type="stmt"/>
        <line num="83" count="0" type="stmt"/>
        <line num="86" count="0" type="stmt"/>
        <line num="91" count="6" type="cond" truecount="1" falsecount="0"/>
        <line num="92" count="6" type="cond" truecount="1" falsecount="1"/>
        <line num="93" count="6" type="stmt"/>
        <line num="96" count="0" type="cond" truecount="0" falsecount="2"/>
        <line num="98" count="0" type="stmt"/>
        <line num="100" count="0" type="stmt"/>
        <line num="102" count="0" type="stmt"/>
        <line num="109" count="46" type="cond" truecount="4" falsecount="0"/>
        <line num="110" count="26" type="stmt"/>
        <line num="113" count="40" type="stmt"/>
        <line num="114" count="40" type="stmt"/>
        <line num="116" count="64" type="stmt"/>
        <line num="117" count="64" type="cond" truecount="2" falsecount="0"/>
        <line num="118" count="4" type="stmt"/>
        <line num="119" count="4" type="stmt"/>
        <line num="120" count="4" type="stmt"/>
        <line num="121" count="4" type="cond" truecount="3" falsecount="1"/>
        <line num="122" count="4" type="stmt"/>
        <line num="127" count="60" type="cond" truecount="4" falsecount="0"/>
        <line num="128" count="30" type="stmt"/>
        <line num="130" count="30" type="cond" truecount="1" falsecount="0"/>
        <line num="131" count="30" type="stmt"/>
        <line num="135" count="64" type="stmt"/>
        <line num="138" count="40" type="stmt"/>
        <line num="140" count="40" type="cond" truecount="2" falsecount="0"/>
        <line num="141" count="40" type="cond" truecount="2" falsecount="0"/>
        <line num="142" count="30" type="stmt"/>
        <line num="154" count="10" type="cond" truecount="3" falsecount="0"/>
        <line num="155" count="2" type="stmt"/>
        <line num="159" count="46" type="cond" truecount="1" falsecount="1"/>
        <line num="161" count="0" type="stmt"/>
        <line num="163" count="46" type="stmt"/>
        <line num="166" count="0" type="stmt"/>
        <line num="167" count="4" type="stmt"/>
      </file>
      <file name="reload.mjs" path="/Users/zane/playground/liquid-labs/pluggable-express/src/handlers/server/reload.mjs">
        <metrics statements="8" coveredstatements="6" conditionals="0" coveredconditionals="0" methods="2" coveredmethods="1"/>
        <line num="1" count="4" type="stmt"/>
        <line num="7" count="4" type="stmt"/>
        <line num="8" count="4" type="stmt"/>
        <line num="9" count="4" type="stmt"/>
        <line num="11" count="7" type="stmt"/>
        <line num="12" count="0" type="stmt"/>
        <line num="14" count="0" type="stmt"/>
        <line num="15" count="4" type="stmt"/>
      </file>
      <file name="stop.mjs" path="/Users/zane/playground/liquid-labs/pluggable-express/src/handlers/server/stop.mjs">
        <metrics statements="13" coveredstatements="6" conditionals="1" coveredconditionals="0" methods="2" coveredmethods="1"/>
        <line num="1" count="4" type="stmt"/>
        <line num="6" count="4" type="stmt"/>
        <line num="7" count="4" type="stmt"/>
        <line num="8" count="4" type="stmt"/>
        <line num="10" count="7" type="stmt"/>
        <line num="11" count="0" type="stmt"/>
        <line num="13" count="0" type="stmt"/>
        <line num="14" count="0" type="stmt"/>
        <line num="15" count="0" type="cond" truecount="0" falsecount="1"/>
        <line num="16" count="0" type="stmt"/>
        <line num="20" count="0" type="stmt"/>
        <line num="21" count="0" type="stmt"/>
        <line num="22" count="4" type="stmt"/>
      </file>
      <file name="version.js" path="/Users/zane/playground/liquid-labs/pluggable-express/src/handlers/server/version.js">
        <metrics statements="12" coveredstatements="12" conditionals="6" coveredconditionals="6" methods="3" coveredmethods="3"/>
        <line num="1" count="4" type="stmt"/>
        <line num="2" count="4" type="stmt"/>
        <line num="4" count="140" type="cond" truecount="6" falsecount="0"/>
        <line num="6" count="4" type="stmt"/>
        <line num="12" count="4" type="stmt"/>
        <line num="13" count="4" type="stmt"/>
        <line num="14" count="4" type="stmt"/>
        <line num="16" count="7" type="stmt"/>
        <line num="17" count="3" type="stmt"/>
        <line num="33" count="3" type="stmt"/>
        <line num="38" count="3" type="stmt"/>
        <line num="39" count="4" type="stmt"/>
      </file>
    </package>
    <package name="src.handlers.server._lib">
      <metrics statements="72" coveredstatements="70" conditionals="60" coveredconditionals="54" methods="16" coveredmethods="16"/>
      <file name="next-options.mjs" path="/Users/zane/playground/liquid-labs/pluggable-express/src/handlers/server/_lib/next-options.mjs">
        <metrics statements="58" coveredstatements="56" conditionals="55" coveredconditionals="49" methods="14" coveredmethods="14"/>
        <line num="1" count="4" type="stmt"/>
        <line num="3" count="4" type="stmt"/>
        <line num="13" count="10" type="cond" truecount="2" falsecount="0"/>
        <line num="15" count="10" type="cond" truecount="1" falsecount="0"/>
        <line num="16" count="4" type="stmt"/>
        <line num="17" count="4" type="cond" truecount="0" falsecount="1"/>
        <line num="22" count="4" type="cond" truecount="1" falsecount="1"/>
        <line num="23" count="4" type="cond" truecount="2" falsecount="0"/>
        <line num="24" count="2" type="stmt"/>
        <line num="27" count="2" type="stmt"/>
        <line num="28" count="10" type="stmt"/>
        <line num="37" count="4" type="stmt"/>
        <line num="38" count="46" type="stmt"/>
        <line num="39" count="46" type="cond" truecount="2" falsecount="0"/>
        <line num="40" count="34" type="cond" truecount="2" falsecount="0"/>
        <line num="41" count="8" type="stmt"/>
        <line num="42" count="8" type="stmt"/>
        <line num="44" count="26" type="stmt"/>
        <line num="46" count="46" type="stmt"/>
        <line num="49" count="4" type="stmt"/>
        <line num="51" count="14" type="stmt"/>
        <line num="52" count="84" type="stmt"/>
        <line num="54" count="14" type="stmt"/>
        <line num="57" count="14" type="cond" truecount="3" falsecount="0"/>
        <line num="60" count="14" type="cond" truecount="2" falsecount="0"/>
        <line num="61" count="48" type="stmt"/>
        <line num="62" count="8" type="stmt"/>
        <line num="63" count="36" type="cond" truecount="3" falsecount="1"/>
        <line num="64" count="8" type="cond" truecount="0" falsecount="1"/>
        <line num="65" count="0" type="stmt"/>
        <line num="67" count="8" type="stmt"/>
        <line num="70" count="8" type="stmt"/>
        <line num="71" count="40" type="cond" truecount="1" falsecount="0"/>
        <line num="72" count="132" type="stmt"/>
        <line num="77" count="6" type="cond" truecount="2" falsecount="0"/>
        <line num="78" count="4" type="stmt"/>
        <line num="81" count="12" type="stmt"/>
        <line num="82" count="2" type="stmt"/>
        <line num="83" count="10" type="stmt"/>
        <line num="85" count="2" type="stmt"/>
        <line num="90" count="14" type="stmt"/>
        <line num="93" count="4" type="stmt"/>
        <line num="105" count="30" type="cond" truecount="2" falsecount="0"/>
        <line num="106" count="2" type="cond" truecount="1" falsecount="1"/>
        <line num="107" count="0" type="stmt"/>
        <line num="109" count="28" type="cond" truecount="4" falsecount="0"/>
        <line num="110" count="2" type="stmt"/>
        <line num="114" count="26" type="stmt"/>
        <line num="115" count="26" type="cond" truecount="2" falsecount="0"/>
        <line num="118" count="106" type="stmt"/>
        <line num="119" count="26" type="cond" truecount="5" falsecount="1"/>
        <line num="121" count="26" type="cond" truecount="5" falsecount="0"/>
        <line num="122" count="2" type="stmt"/>
        <line num="125" count="24" type="cond" truecount="5" falsecount="0"/>
        <line num="126" count="10" type="stmt"/>
        <line num="138" count="14" type="stmt"/>
        <line num="148" count="30" type="stmt"/>
        <line num="149" count="4" type="stmt"/>
      </file>
      <file name="options-tokenizer.mjs" path="/Users/zane/playground/liquid-labs/pluggable-express/src/handlers/server/_lib/options-tokenizer.mjs">
        <metrics statements="14" coveredstatements="14" conditionals="5" coveredconditionals="5" methods="2" coveredmethods="2"/>
        <line num="1" count="5" type="stmt"/>
        <line num="2" count="5" type="stmt"/>
        <line num="4" count="5" type="stmt"/>
        <line num="5" count="32" type="cond" truecount="2" falsecount="0"/>
        <line num="7" count="37" type="cond" truecount="1" falsecount="0"/>
        <line num="8" count="37" type="cond" truecount="1" falsecount="0"/>
        <line num="9" count="15" type="stmt"/>
        <line num="10" count="15" type="cond" truecount="1" falsecount="0"/>
        <line num="11" count="2" type="stmt"/>
        <line num="12" count="2" type="stmt"/>
        <line num="13" count="2" type="stmt"/>
        <line num="14" count="2" type="stmt"/>
        <line num="18" count="37" type="stmt"/>
        <line num="19" count="5" type="stmt"/>
      </file>
    </package>
    <package name="src.handlers.server.errors">
      <metrics statements="62" coveredstatements="25" conditionals="11" coveredconditionals="0" methods="20" coveredmethods="5"/>
      <file name="detail.mjs" path="/Users/zane/playground/liquid-labs/pluggable-express/src/handlers/server/errors/detail.mjs">
        <metrics statements="44" coveredstatements="12" conditionals="11" coveredconditionals="0" methods="9" coveredmethods="2"/>
        <line num="1" count="4" type="stmt"/>
        <line num="3" count="4" type="stmt"/>
        <line num="9" count="4" type="stmt"/>
        <line num="11" count="4" type="stmt"/>
        <line num="12" count="4" type="stmt"/>
        <line num="14" count="4" type="stmt"/>
        <line num="15" count="0" type="stmt"/>
        <line num="16" count="0" type="stmt"/>
        <line num="17" count="0" type="stmt"/>
        <line num="18" count="0" type="stmt"/>
        <line num="20" count="0" type="stmt"/>
        <line num="21" count="0" type="stmt"/>
        <line num="22" count="0" type="cond" truecount="0" falsecount="3"/>
        <line num="23" count="0" type="stmt"/>
        <line num="25" count="0" type="cond" truecount="0" falsecount="1"/>
        <line num="26" count="0" type="stmt"/>
        <line num="27" count="0" type="stmt"/>
        <line num="29" count="0" type="cond" truecount="0" falsecount="1"/>
        <line num="30" count="0" type="stmt"/>
        <line num="31" count="0" type="stmt"/>
        <line num="34" count="0" type="stmt"/>
        <line num="36" count="0" type="stmt"/>
        <line num="39" count="0" type="stmt"/>
        <line num="42" count="4" type="stmt"/>
        <line num="43" count="0" type="stmt"/>
        <line num="49" count="0" type="stmt"/>
        <line num="50" count="0" type="cond" truecount="0" falsecount="2"/>
        <line num="51" count="0" type="stmt"/>
        <line num="54" count="0" type="stmt"/>
        <line num="55" count="0" type="cond" truecount="0" falsecount="2"/>
        <line num="56" count="0" type="stmt"/>
        <line num="57" count="0" type="stmt"/>
        <line num="60" count="0" type="stmt"/>
        <line num="63" count="0" type="stmt"/>
        <line num="67" count="4" type="stmt"/>
        <line num="68" count="7" type="stmt"/>
        <line num="69" count="4" type="stmt"/>
        <line num="70" count="0" type="stmt"/>
        <line num="74" count="7" type="stmt"/>
        <line num="75" count="0" type="stmt"/>
        <line num="77" count="0" type="cond" truecount="0" falsecount="2"/>
        <line num="78" count="0" type="stmt"/>
        <line num="80" count="0" type="stmt"/>
        <line num="82" count="4" type="stmt"/>
      </file>
      <file name="list.mjs" path="/Users/zane/playground/liquid-labs/pluggable-express/src/handlers/server/errors/list.mjs">
        <metrics statements="18" coveredstatements="13" conditionals="0" coveredconditionals="0" methods="11" coveredmethods="3"/>
        <line num="1" count="4" type="stmt"/>
        <line num="3" count="4" type="stmt"/>
        <line num="9" count="4" type="stmt"/>
        <line num="11" count="4" type="stmt"/>
        <line num="12" count="4" type="stmt"/>
        <line num="14" count="4" type="stmt"/>
        <line num="15" count="4" type="stmt"/>
        <line num="16" count="4" type="stmt"/>
        <line num="18" count="4" type="stmt"/>
        <line num="19" count="0" type="stmt"/>
        <line num="21" count="4" type="stmt"/>
        <line num="22" count="0" type="stmt"/>
        <line num="24" count="4" type="stmt"/>
        <line num="26" count="7" type="stmt"/>
        <line num="27" count="0" type="stmt"/>
        <line num="28" count="0" type="stmt"/>
        <line num="30" count="0" type="stmt"/>
        <line num="43" count="4" type="stmt"/>
      </file>
    </package>
    <package name="src.handlers.server.plugins">
      <metrics statements="103" coveredstatements="89" conditionals="39" coveredconditionals="12" methods="33" coveredmethods="25"/>
      <file name="add.mjs" path="/Users/zane/playground/liquid-labs/pluggable-express/src/handlers/server/plugins/add.mjs">
        <metrics statements="15" coveredstatements="15" conditionals="4" coveredconditionals="4" methods="3" coveredmethods="3"/>
        <line num="1" count="5" type="stmt"/>
        <line num="3" count="5" type="stmt"/>
        <line num="6" count="5" type="stmt"/>
        <line num="8" count="5" type="stmt"/>
        <line num="14" count="5" type="stmt"/>
        <line num="16" count="5" type="stmt"/>
        <line num="24" count="5" type="stmt"/>
        <line num="26" count="15" type="stmt"/>
        <line num="27" count="8" type="cond" truecount="2" falsecount="0"/>
        <line num="28" count="8" type="stmt"/>
        <line num="30" count="8" type="cond" truecount="2" falsecount="0"/>
        <line num="32" count="8" type="stmt"/>
        <line num="36" count="1" type="stmt"/>
        <line num="40" count="8" type="stmt"/>
        <line num="41" count="5" type="stmt"/>
      </file>
      <file name="details.mjs" path="/Users/zane/playground/liquid-labs/pluggable-express/src/handlers/server/plugins/details.mjs">
        <metrics statements="20" coveredstatements="20" conditionals="3" coveredconditionals="3" methods="6" coveredmethods="6"/>
        <line num="1" count="5" type="stmt"/>
        <line num="2" count="5" type="stmt"/>
        <line num="4" count="5" type="stmt"/>
        <line num="5" count="5" type="stmt"/>
        <line num="10" count="5" type="stmt"/>
        <line num="12" count="5" type="stmt"/>
        <line num="14" count="5" type="stmt"/>
        <line num="17" count="5" type="stmt"/>
        <line num="18" count="15" type="stmt"/>
        <line num="19" count="8" type="cond" truecount="2" falsecount="0"/>
        <line num="20" count="8" type="stmt"/>
        <line num="22" count="8" type="stmt"/>
        <line num="23" count="8" type="cond" truecount="1" falsecount="0"/>
        <line num="24" count="4" type="stmt"/>
        <line num="28" count="4" type="stmt"/>
        <line num="31" count="15" type="stmt"/>
        <line num="33" count="5" type="stmt"/>
        <line num="35" count="5" type="stmt"/>
        <line num="37" count="8" type="stmt"/>
        <line num="39" count="5" type="stmt"/>
      </file>
      <file name="list.mjs" path="/Users/zane/playground/liquid-labs/pluggable-express/src/handlers/server/plugins/list.mjs">
        <metrics statements="38" coveredstatements="25" conditionals="27" coveredconditionals="2" methods="16" coveredmethods="8"/>
        <line num="1" count="5" type="stmt"/>
        <line num="3" count="5" type="stmt"/>
        <line num="5" count="5" type="stmt"/>
        <line num="7" count="5" type="stmt"/>
        <line num="8" count="5" type="stmt"/>
        <line num="13" count="5" type="stmt"/>
        <line num="15" count="5" type="stmt"/>
        <line num="18" count="5" type="stmt"/>
        <line num="20" count="5" type="stmt"/>
        <line num="23" count="5" type="stmt"/>
        <line num="36" count="0" type="stmt"/>
        <line num="37" count="0" type="cond" truecount="0" falsecount="1"/>
        <line num="38" count="0" type="stmt"/>
        <line num="40" count="0" type="cond" truecount="0" falsecount="3"/>
        <line num="41" count="0" type="cond" truecount="0" falsecount="6"/>
        <line num="43" count="0" type="cond" truecount="0" falsecount="3"/>
        <line num="44" count="0" type="stmt"/>
        <line num="46" count="0" type="cond" truecount="0" falsecount="1"/>
        <line num="47" count="0" type="stmt"/>
        <line num="50" count="0" type="stmt"/>
        <line num="53" count="5" type="cond" truecount="0" falsecount="1"/>
        <line num="54" count="0" type="stmt"/>
        <line num="69" count="5" type="cond" truecount="0" falsecount="1"/>
        <line num="70" count="0" type="stmt"/>
        <line num="86" count="5" type="cond" truecount="0" falsecount="1"/>
        <line num="87" count="0" type="stmt"/>
        <line num="90" count="5" type="stmt"/>
        <line num="91" count="13" type="stmt"/>
        <line num="92" count="6" type="cond" truecount="2" falsecount="0"/>
        <line num="94" count="6" type="stmt"/>
        <line num="95" count="6" type="stmt"/>
        <line num="96" count="8" type="stmt"/>
        <line num="98" count="4" type="stmt"/>
        <line num="99" count="6" type="stmt"/>
        <line num="114" count="15" type="stmt"/>
        <line num="116" count="5" type="stmt"/>
        <line num="118" count="6" type="stmt"/>
        <line num="120" count="5" type="stmt"/>
      </file>
      <file name="remove.mjs" path="/Users/zane/playground/liquid-labs/pluggable-express/src/handlers/server/plugins/remove.mjs">
        <metrics statements="30" coveredstatements="29" conditionals="5" coveredconditionals="3" methods="8" coveredmethods="8"/>
        <line num="1" count="5" type="stmt"/>
        <line num="2" count="5" type="stmt"/>
        <line num="3" count="5" type="stmt"/>
        <line num="5" count="5" type="stmt"/>
        <line num="6" count="5" type="stmt"/>
        <line num="12" count="5" type="stmt"/>
        <line num="14" count="5" type="stmt"/>
        <line num="16" count="5" type="stmt"/>
        <line num="19" count="5" type="stmt"/>
        <line num="20" count="12" type="stmt"/>
        <line num="21" count="5" type="stmt"/>
        <line num="22" count="5" type="stmt"/>
        <line num="24" count="6" type="stmt"/>
        <line num="25" count="5" type="cond" truecount="1" falsecount="0"/>
        <line num="26" count="1" type="stmt"/>
        <line num="30" count="4" type="stmt"/>
        <line num="31" count="4" type="stmt"/>
        <line num="34" count="4" type="stmt"/>
        <line num="39" count="4" type="cond" truecount="1" falsecount="0"/>
        <line num="40" count="4" type="stmt"/>
        <line num="41" count="4" type="cond" truecount="0" falsecount="1"/>
        <line num="42" count="0" type="stmt"/>
        <line num="46" count="4" type="stmt"/>
        <line num="49" count="15" type="stmt"/>
        <line num="51" count="5" type="stmt"/>
        <line num="53" count="5" type="stmt"/>
        <line num="55" count="5" type="stmt"/>
        <line num="57" count="5" type="stmt"/>
        <line num="60" count="4" type="cond" truecount="1" falsecount="1"/>
        <line num="61" count="4" type="stmt"/>
      </file>
    </package>
    <package name="src.handlers.server.plugins._lib">
      <metrics statements="69" coveredstatements="60" conditionals="55" coveredconditionals="49" methods="14" coveredmethods="11"/>
      <file name="add-plugins.mjs" path="/Users/zane/playground/liquid-labs/pluggable-express/src/handlers/server/plugins/_lib/add-plugins.mjs">
        <metrics statements="8" coveredstatements="0" conditionals="4" coveredconditionals="0" methods="2" coveredmethods="0"/>
        <line num="2" count="0" type="stmt"/>
        <line num="14" count="0" type="stmt"/>
        <line num="15" count="0" type="cond" truecount="0" falsecount="2"/>
        <line num="17" count="0" type="cond" truecount="0" falsecount="2"/>
        <line num="18" count="0" type="stmt"/>
        <line num="20" count="0" type="stmt"/>
        <line num="28" count="0" type="stmt"/>
        <line num="29" count="0" type="stmt"/>
      </file>
      <file name="error-utils.mjs" path="/Users/zane/playground/liquid-labs/pluggable-express/src/handlers/server/plugins/_lib/error-utils.mjs">
        <metrics statements="9" coveredstatements="9" conditionals="11" coveredconditionals="11" methods="7" coveredmethods="7"/>
        <line num="1" count="8" type="stmt"/>
        <line num="22" count="8" type="stmt"/>
        <line num="27" count="4" type="stmt"/>
        <line num="39" count="4" type="stmt"/>
        <line num="54" count="4" type="stmt"/>
        <line num="65" count="5" type="stmt"/>
        <line num="77" count="4" type="stmt"/>
        <line num="90" count="4" type="stmt"/>
        <line num="105" count="6" type="stmt"/>
      </file>
      <file name="install-plugins.mjs" path="/Users/zane/playground/liquid-labs/pluggable-express/src/handlers/server/plugins/_lib/install-plugins.mjs">
        <metrics statements="49" coveredstatements="49" conditionals="38" coveredconditionals="38" methods="4" coveredmethods="4"/>
        <line num="1" count="9" type="stmt"/>
        <line num="3" count="9" type="stmt"/>
        <line num="5" count="405" type="cond" truecount="6" falsecount="0"/>
        <line num="18" count="9" type="stmt"/>
        <line num="25" count="27" type="stmt"/>
        <line num="26" count="27" type="stmt"/>
        <line num="29" count="27" type="stmt"/>
        <line num="30" count="35" type="stmt"/>
        <line num="31" count="35" type="stmt"/>
        <line num="33" count="35" type="cond" truecount="2" falsecount="0"/>
        <line num="34" count="6" type="stmt"/>
        <line num="37" count="29" type="stmt"/>
        <line num="41" count="27" type="stmt"/>
        <line num="42" count="27" type="stmt"/>
        <line num="48" count="27" type="cond" truecount="2" falsecount="0"/>
        <line num="49" count="24" type="cond" truecount="3" falsecount="0"/>
        <line num="52" count="24" type="stmt"/>
        <line num="55" count="23" type="stmt"/>
        <line num="61" count="22" type="stmt"/>
        <line num="62" count="27" type="stmt"/>
        <line num="65" count="27" type="stmt"/>
        <line num="66" count="27" type="stmt"/>
        <line num="67" count="26" type="cond" truecount="6" falsecount="0"/>
        <line num="69" count="26" type="cond" truecount="1" falsecount="0"/>
        <line num="70" count="6" type="cond" truecount="3" falsecount="0"/>
        <line num="74" count="1" type="cond" truecount="3" falsecount="0"/>
        <line num="77" count="27" type="stmt"/>
        <line num="84" count="27" type="stmt"/>
        <line num="85" count="27" type="stmt"/>
        <line num="89" count="22" type="cond" truecount="1" falsecount="0"/>
        <line num="90" count="22" type="stmt"/>
        <line num="91" count="22" type="cond" truecount="4" falsecount="0"/>
        <line num="92" count="21" type="stmt"/>
        <line num="96" count="21" type="stmt"/>
        <line num="98" count="21" type="cond" truecount="1" falsecount="0"/>
        <line num="99" count="21" type="stmt"/>
        <line num="101" count="21" type="cond" truecount="1" falsecount="0"/>
        <line num="102" count="3" type="stmt"/>
        <line num="105" count="21" type="stmt"/>
        <line num="108" count="3" type="cond" truecount="2" falsecount="0"/>
        <line num="109" count="2" type="stmt"/>
        <line num="112" count="1" type="stmt"/>
        <line num="115" count="3" type="stmt"/>
        <line num="117" count="9" type="stmt"/>
        <line num="119" count="9" type="stmt"/>
        <line num="121" count="9" type="stmt"/>
        <line num="122" count="3" type="cond" truecount="1" falsecount="0"/>
        <line num="123" count="1" type="stmt"/>
        <line num="125" count="9" type="stmt"/>
      </file>
      <file name="list-plugins.mjs" path="/Users/zane/playground/liquid-labs/pluggable-express/src/handlers/server/plugins/_lib/list-plugins.mjs">
        <metrics statements="3" coveredstatements="2" conditionals="2" coveredconditionals="0" methods="1" coveredmethods="0"/>
        <line num="8" count="5" type="stmt"/>
        <line num="9" count="0" type="cond" truecount="0" falsecount="2"/>
        <line num="10" count="5" type="stmt"/>
      </file>
    </package>
    <package name="src.lib">
      <metrics statements="318" coveredstatements="253" conditionals="189" coveredconditionals="122" methods="45" coveredmethods="29"/>
      <file name="configurables.js" path="/Users/zane/playground/liquid-labs/pluggable-express/src/lib/configurables.js">
        <metrics statements="1" coveredstatements="1" conditionals="0" coveredconditionals="0" methods="1" coveredmethods="0"/>
        <line num="4" count="4" type="stmt"/>
      </file>
      <file name="find-own-home.mjs" path="/Users/zane/playground/liquid-labs/pluggable-express/src/lib/find-own-home.mjs">
        <metrics statements="25" coveredstatements="25" conditionals="12" coveredconditionals="12" methods="2" coveredmethods="2"/>
        <line num="1" count="5" type="stmt"/>
        <line num="2" count="5" type="stmt"/>
        <line num="3" count="5" type="stmt"/>
        <line num="5" count="318" type="cond" truecount="6" falsecount="0"/>
        <line num="33" count="5" type="stmt"/>
        <line num="34" count="19" type="cond" truecount="1" falsecount="0"/>
        <line num="35" count="3" type="stmt"/>
        <line num="41" count="16" type="stmt"/>
        <line num="42" count="16" type="stmt"/>
        <line num="43" count="10" type="stmt"/>
        <line num="44" count="10" type="cond" truecount="1" falsecount="0"/>
        <line num="45" count="1" type="stmt"/>
        <line num="50" count="6" type="stmt"/>
        <line num="54" count="16" type="cond" truecount="1" falsecount="0"/>
        <line num="55" count="7" type="stmt"/>
        <line num="57" count="7" type="stmt"/>
        <line num="58" count="6" type="cond" truecount="2" falsecount="0"/>
        <line num="60" count="5" type="stmt"/>
        <line num="61" count="5" type="stmt"/>
        <line num="62" count="5" type="cond" truecount="1" falsecount="0"/>
        <line num="63" count="1" type="stmt"/>
        <line num="67" count="1" type="stmt"/>
        <line num="71" count="3" type="stmt"/>
        <line num="75" count="13" type="stmt"/>
        <line num="76" count="5" type="stmt"/>
      </file>
      <file name="get-server-settings.mjs" path="/Users/zane/playground/liquid-labs/pluggable-express/src/lib/get-server-settings.mjs">
        <metrics statements="11" coveredstatements="11" conditionals="10" coveredconditionals="9" methods="2" coveredmethods="2"/>
        <line num="1" count="4" type="stmt"/>
        <line num="2" count="4" type="stmt"/>
        <line num="4" count="116" type="cond" truecount="6" falsecount="0"/>
        <line num="6" count="4" type="stmt"/>
        <line num="9" count="14" type="stmt"/>
        <line num="10" count="14" type="cond" truecount="2" falsecount="0"/>
        <line num="11" count="7" type="cond" truecount="1" falsecount="1"/>
        <line num="14" count="7" type="stmt"/>
        <line num="16" count="7" type="stmt"/>
        <line num="18" count="7" type="stmt"/>
        <line num="20" count="4" type="stmt"/>
      </file>
      <file name="json-helpers.mjs" path="/Users/zane/playground/liquid-labs/pluggable-express/src/lib/json-helpers.mjs">
        <metrics statements="15" coveredstatements="0" conditionals="9" coveredconditionals="0" methods="3" coveredmethods="0"/>
        <line num="1" count="0" type="stmt"/>
        <line num="2" count="0" type="cond" truecount="0" falsecount="6"/>
        <line num="4" count="0" type="stmt"/>
        <line num="5" count="0" type="stmt"/>
        <line num="6" count="0" type="stmt"/>
        <line num="7" count="0" type="stmt"/>
        <line num="9" count="0" type="stmt"/>
        <line num="10" count="0" type="cond" truecount="0" falsecount="1"/>
        <line num="12" count="0" type="stmt"/>
        <line num="13" count="0" type="stmt"/>
        <line num="14" count="0" type="stmt"/>
        <line num="17" count="0" type="cond" truecount="0" falsecount="2"/>
        <line num="18" count="0" type="stmt"/>
        <line num="21" count="0" type="stmt"/>
        <line num="24" count="0" type="stmt"/>
      </file>
      <file name="load-plugins.js" path="/Users/zane/playground/liquid-labs/pluggable-express/src/lib/load-plugins.js">
        <metrics statements="76" coveredstatements="72" conditionals="60" coveredconditionals="49" methods="9" coveredmethods="9"/>
        <line num="1" count="4" type="stmt"/>
        <line num="2" count="4" type="stmt"/>
        <line num="3" count="4" type="stmt"/>
        <line num="5" count="138" type="cond" truecount="6" falsecount="0"/>
        <line num="10" count="4" type="stmt"/>
        <line num="11" count="3" type="stmt"/>
        <line num="14" count="3" type="cond" truecount="3" falsecount="1"/>
        <line num="15" count="9" type="cond" truecount="1" falsecount="1"/>
        <line num="16" count="3" type="cond" truecount="1" falsecount="2"/>
        <line num="17" count="0" type="stmt"/>
        <line num="20" count="3" type="cond" truecount="0" falsecount="1"/>
        <line num="21" count="3" type="cond" truecount="3" falsecount="1"/>
        <line num="22" count="3" type="cond" truecount="3" falsecount="2"/>
        <line num="23" count="0" type="stmt"/>
        <line num="26" count="3" type="stmt"/>
        <line num="27" count="3" type="cond" truecount="1" falsecount="0"/>
        <line num="28" count="3" type="stmt"/>
        <line num="31" count="3" type="stmt"/>
        <line num="41" count="4" type="stmt"/>
        <line num="42" count="14" type="stmt"/>
        <line num="43" count="14" type="stmt"/>
        <line num="44" count="14" type="stmt"/>
        <line num="46" count="14" type="cond" truecount="1" falsecount="0"/>
        <line num="47" count="7" type="stmt"/>
        <line num="49" count="14" type="cond" truecount="1" falsecount="0"/>
        <line num="50" count="7" type="stmt"/>
        <line num="51" count="7" type="stmt"/>
        <line num="53" count="14" type="cond" truecount="3" falsecount="0"/>
        <line num="54" count="7" type="cond" truecount="3" falsecount="0"/>
        <line num="55" count="7" type="stmt"/>
        <line num="58" count="7" type="stmt"/>
        <line num="59" count="7" type="stmt"/>
        <line num="69" count="4" type="stmt"/>
        <line num="70" count="3" type="stmt"/>
        <line num="71" count="3" type="stmt"/>
        <line num="72" count="3" type="stmt"/>
        <line num="74" count="3" type="stmt"/>
        <line num="75" count="878" type="cond" truecount="3" falsecount="1"/>
        <line num="78" count="3" type="cond" truecount="1" falsecount="0"/>
        <line num="79" count="2" type="stmt"/>
        <line num="81" count="3" type="cond" truecount="1" falsecount="0"/>
        <line num="82" count="2" type="stmt"/>
        <line num="83" count="2" type="stmt"/>
        <line num="85" count="3" type="cond" truecount="3" falsecount="0"/>
        <line num="86" count="1" type="cond" truecount="3" falsecount="0"/>
        <line num="87" count="1" type="stmt"/>
        <line num="90" count="2" type="stmt"/>
        <line num="91" count="2" type="stmt"/>
        <line num="107" count="4" type="stmt"/>
        <line num="109" count="14" type="cond" truecount="1" falsecount="1"/>
        <line num="112" count="14" type="cond" truecount="5" falsecount="0"/>
        <line num="113" count="3" type="stmt"/>
        <line num="114" count="3" type="stmt"/>
        <line num="116" count="3" type="cond" truecount="2" falsecount="0"/>
        <line num="120" count="3" type="stmt"/>
        <line num="121" count="1" type="stmt"/>
        <line num="124" count="1" type="cond" truecount="0" falsecount="1"/>
        <line num="125" count="0" type="stmt"/>
        <line num="126" count="0" type="stmt"/>
        <line num="129" count="1" type="stmt"/>
        <line num="130" count="1" type="stmt"/>
        <line num="135" count="14" type="stmt"/>
        <line num="136" count="14" type="stmt"/>
        <line num="139" count="14" type="stmt"/>
        <line num="140" count="14" type="stmt"/>
        <line num="141" count="4" type="cond" truecount="1" falsecount="0"/>
        <line num="142" count="2" type="stmt"/>
        <line num="143" count="2" type="stmt"/>
        <line num="145" count="2" type="stmt"/>
        <line num="149" count="14" type="cond" truecount="1" falsecount="0"/>
        <line num="150" count="2" type="stmt"/>
        <line num="153" count="14" type="cond" truecount="2" falsecount="0"/>
        <line num="157" count="14" type="stmt"/>
        <line num="158" count="2" type="stmt"/>
        <line num="159" count="2" type="stmt"/>
        <line num="161" count="4" type="stmt"/>
      </file>
      <file name="path-resolvers.js" path="/Users/zane/playground/liquid-labs/pluggable-express/src/lib/path-resolvers.js">
        <metrics statements="3" coveredstatements="0" conditionals="0" coveredconditionals="0" methods="2" coveredmethods="0"/>
        <line num="1" count="0" type="stmt"/>
        <line num="4" count="0" type="stmt"/>
        <line num="8" count="0" type="stmt"/>
      </file>
      <file name="path-to-re.mjs" path="/Users/zane/playground/liquid-labs/pluggable-express/src/lib/path-to-re.mjs">
        <metrics statements="17" coveredstatements="16" conditionals="5" coveredconditionals="4" methods="1" coveredmethods="1"/>
        <line num="8" count="4" type="stmt"/>
        <line num="9" count="175" type="stmt"/>
        <line num="11" count="175" type="stmt"/>
        <line num="12" count="539" type="cond" truecount="2" falsecount="0"/>
        <line num="13" count="21" type="stmt"/>
        <line num="14" count="21" type="stmt"/>
        <line num="16" count="21" type="cond" truecount="0" falsecount="1"/>
        <line num="17" count="0" type="stmt"/>
        <line num="20" count="21" type="stmt"/>
        <line num="21" count="21" type="stmt"/>
        <line num="23" count="518" type="cond" truecount="2" falsecount="0"/>
        <line num="24" count="28" type="stmt"/>
        <line num="25" count="28" type="stmt"/>
        <line num="28" count="490" type="stmt"/>
        <line num="32" count="175" type="stmt"/>
        <line num="34" count="175" type="stmt"/>
        <line num="35" count="4" type="stmt"/>
      </file>
      <file name="path-var-registry.mjs" path="/Users/zane/playground/liquid-labs/pluggable-express/src/lib/path-var-registry.mjs">
        <metrics statements="12" coveredstatements="11" conditionals="1" coveredconditionals="0" methods="3" coveredmethods="3"/>
        <line num="13" count="4" type="stmt"/>
        <line num="18" count="4" type="stmt"/>
        <line num="19" count="7" type="stmt"/>
        <line num="22" count="4" type="stmt"/>
        <line num="28" count="4" type="stmt"/>
        <line num="29" count="14" type="cond" truecount="0" falsecount="1"/>
        <line num="30" count="0" type="stmt"/>
        <line num="33" count="14" type="stmt"/>
        <line num="36" count="4" type="stmt"/>
        <line num="41" count="4" type="stmt"/>
        <line num="42" count="25" type="stmt"/>
        <line num="43" count="4" type="stmt"/>
      </file>
      <file name="register-handlers.js" path="/Users/zane/playground/liquid-labs/pluggable-express/src/lib/register-handlers.js">
        <metrics statements="142" coveredstatements="107" conditionals="84" coveredconditionals="45" methods="15" coveredmethods="9"/>
        <line num="1" count="4" type="stmt"/>
        <line num="2" count="4" type="stmt"/>
        <line num="3" count="4" type="stmt"/>
        <line num="5" count="4" type="stmt"/>
        <line num="6" count="4" type="stmt"/>
        <line num="7" count="4" type="stmt"/>
        <line num="8" count="4" type="stmt"/>
        <line num="10" count="4" type="stmt"/>
        <line num="12" count="4" type="stmt"/>
        <line num="13" count="4" type="stmt"/>
        <line num="14" count="4" type="stmt"/>
        <line num="15" count="4" type="stmt"/>
        <line num="17" count="4" type="stmt"/>
        <line num="18" count="0" type="cond" truecount="0" falsecount="2"/>
        <line num="19" count="0" type="stmt"/>
        <line num="21" count="0" type="cond" truecount="0" falsecount="2"/>
        <line num="22" count="0" type="stmt"/>
        <line num="25" count="0" type="stmt"/>
        <line num="32" count="178" type="cond" truecount="1" falsecount="0"/>
        <line num="33" count="53" type="stmt"/>
        <line num="38" count="53" type="stmt"/>
        <line num="39" count="0" type="stmt"/>
        <line num="42" count="53" type="cond" truecount="1" falsecount="0"/>
        <line num="43" count="50" type="stmt"/>
        <line num="44" count="50" type="stmt"/>
        <line num="45" count="100" type="cond" truecount="0" falsecount="1"/>
        <line num="46" count="0" type="stmt"/>
        <line num="47" count="0" type="stmt"/>
        <line num="51" count="50" type="stmt"/>
        <line num="53" count="53" type="stmt"/>
        <line num="56" count="53" type="cond" truecount="1" falsecount="1"/>
        <line num="59" count="53" type="cond" truecount="0" falsecount="1"/>
        <line num="62" count="53" type="cond" truecount="2" falsecount="0"/>
        <line num="63" count="53" type="stmt"/>
        <line num="64" count="53" type="cond" truecount="0" falsecount="1"/>
        <line num="65" count="0" type="stmt"/>
        <line num="69" count="53" type="stmt"/>
        <line num="70" count="46" type="stmt"/>
        <line num="71" count="46" type="cond" truecount="0" falsecount="1"/>
        <line num="73" count="46" type="cond" truecount="1" falsecount="2"/>
        <line num="75" count="46" type="cond" truecount="1" falsecount="1"/>
        <line num="78" count="0" type="cond" truecount="0" falsecount="1"/>
        <line num="79" count="0" type="stmt"/>
        <line num="81" count="0" type="cond" truecount="0" falsecount="2"/>
        <line num="82" count="0" type="stmt"/>
        <line num="83" count="0" type="stmt"/>
        <line num="85" count="46" type="cond" truecount="1" falsecount="1"/>
        <line num="86" count="0" type="stmt"/>
        <line num="89" count="46" type="cond" truecount="1" falsecount="1"/>
        <line num="94" count="46" type="stmt"/>
        <line num="97" count="53" type="stmt"/>
        <line num="100" count="4" type="stmt"/>
        <line num="101" count="175" type="stmt"/>
        <line num="104" count="175" type="stmt"/>
        <line num="105" count="539" type="cond" truecount="2" falsecount="0"/>
        <line num="106" count="21" type="stmt"/>
        <line num="108" count="518" type="cond" truecount="2" falsecount="0"/>
        <line num="109" count="28" type="stmt"/>
        <line num="110" count="28" type="stmt"/>
        <line num="113" count="490" type="stmt"/>
        <line num="118" count="175" type="stmt"/>
        <line num="121" count="175" type="stmt"/>
        <line num="122" count="175" type="stmt"/>
        <line num="123" count="539" type="cond" truecount="1" falsecount="0"/>
        <line num="124" count="245" type="stmt"/>
        <line num="126" count="539" type="stmt"/>
        <line num="129" count="175" type="cond" truecount="0" falsecount="1"/>
        <line num="130" count="0" type="stmt"/>
        <line num="135" count="175" type="stmt"/>
        <line num="137" count="175" type="stmt"/>
        <line num="143" count="175" type="stmt"/>
        <line num="145" count="4" type="stmt"/>
        <line num="146" count="10" type="stmt"/>
        <line num="147" count="94" type="stmt"/>
        <line num="148" count="94" type="cond" truecount="2" falsecount="0"/>
        <line num="150" count="94" type="cond" truecount="1" falsecount="2"/>
        <line num="151" count="0" type="cond" truecount="0" falsecount="3"/>
        <line num="153" count="0" type="stmt"/>
        <line num="156" count="94" type="cond" truecount="3" falsecount="2"/>
        <line num="157" count="0" type="stmt"/>
        <line num="159" count="94" type="cond" truecount="2" falsecount="1"/>
        <line num="160" count="0" type="stmt"/>
        <line num="163" count="94" type="stmt"/>
        <line num="166" count="94" type="stmt"/>
        <line num="168" count="94" type="stmt"/>
        <line num="169" count="94" type="cond" truecount="1" falsecount="0"/>
        <line num="170" count="3" type="stmt"/>
        <line num="173" count="94" type="cond" truecount="2" falsecount="0"/>
        <line num="178" count="94" type="stmt"/>
        <line num="180" count="94" type="stmt"/>
        <line num="184" count="94" type="stmt"/>
        <line num="191" count="94" type="cond" truecount="1" falsecount="0"/>
        <line num="192" count="3" type="stmt"/>
        <line num="193" count="3" type="stmt"/>
        <line num="196" count="94" type="cond" truecount="1" falsecount="0"/>
        <line num="197" count="44" type="stmt"/>
        <line num="200" count="44" type="cond" truecount="1" falsecount="1"/>
        <line num="204" count="44" type="cond" truecount="2" falsecount="0"/>
        <line num="205" count="0" type="cond" truecount="0" falsecount="2"/>
        <line num="208" count="0" type="stmt"/>
        <line num="209" count="0" type="cond" truecount="0" falsecount="1"/>
        <line num="210" count="0" type="stmt"/>
        <line num="211" count="0" type="stmt"/>
        <line num="213" count="0" type="stmt"/>
        <line num="214" count="0" type="stmt"/>
        <line num="215" count="0" type="stmt"/>
        <line num="216" count="0" type="stmt"/>
        <line num="217" count="0" type="stmt"/>
        <line num="220" count="44" type="stmt"/>
        <line num="221" count="32" type="cond" truecount="3" falsecount="0"/>
        <line num="222" count="32" type="stmt"/>
        <line num="224" count="32" type="stmt"/>
        <line num="229" count="94" type="cond" truecount="1" falsecount="0"/>
        <line num="230" count="47" type="stmt"/>
        <line num="231" count="32" type="cond" truecount="2" falsecount="2"/>
        <line num="232" count="0" type="stmt"/>
        <line num="234" count="32" type="cond" truecount="2" falsecount="2"/>
        <line num="235" count="0" type="stmt"/>
        <line num="237" count="32" type="cond" truecount="1" falsecount="3"/>
        <line num="238" count="32" type="stmt"/>
        <line num="243" count="94" type="stmt"/>
        <line num="244" count="94" type="stmt"/>
        <line num="245" count="94" type="stmt"/>
        <line num="248" count="94" type="cond" truecount="2" falsecount="0"/>
        <line num="253" count="0" type="stmt"/>
        <line num="254" count="0" type="stmt"/>
        <line num="258" count="94" type="stmt"/>
        <line num="259" count="94" type="stmt"/>
        <line num="260" count="94" type="stmt"/>
        <line num="262" count="94" type="cond" truecount="1" falsecount="0"/>
        <line num="263" count="84" type="cond" truecount="0" falsecount="1"/>
        <line num="264" count="0" type="stmt"/>
        <line num="267" count="84" type="stmt"/>
        <line num="268" count="84" type="stmt"/>
        <line num="272" count="308" type="cond" truecount="2" falsecount="0"/>
        <line num="274" count="84" type="stmt"/>
        <line num="275" count="84" type="stmt"/>
        <line num="276" count="84" type="stmt"/>
        <line num="280" count="84" type="stmt"/>
        <line num="288" count="84" type="stmt"/>
        <line num="289" count="84" type="stmt"/>
        <line num="293" count="4" type="stmt"/>
      </file>
      <file name="reporter.js" path="/Users/zane/playground/liquid-labs/pluggable-express/src/lib/reporter.js">
        <metrics statements="16" coveredstatements="10" conditionals="8" coveredconditionals="3" methods="7" coveredmethods="3"/>
        <line num="3" count="4" type="stmt"/>
        <line num="12" count="4" type="stmt"/>
        <line num="16" count="16" type="cond" truecount="0" falsecount="1"/>
        <line num="17" count="8" type="stmt"/>
        <line num="18" count="8" type="stmt"/>
        <line num="20" count="8" type="cond" truecount="2" falsecount="0"/>
        <line num="22" count="8" type="stmt"/>
        <line num="23" count="48" type="stmt"/>
        <line num="24" count="65" type="cond" truecount="1" falsecount="0"/>
        <line num="27" count="0" type="stmt"/>
        <line num="33" count="8" type="stmt"/>
        <line num="37" count="0" type="stmt"/>
        <line num="41" count="0" type="stmt"/>
        <line num="42" count="0" type="cond" truecount="0" falsecount="1"/>
        <line num="45" count="0" type="stmt"/>
        <line num="47" count="0" type="stmt"/>
      </file>
    </package>
  </project>
</coverage>
