{"/Users/zane/playground/liquid-labs/pluggable-express/src/app.js": {"path":"/Users/zane/playground/liquid-labs/pluggable-express/src/app.js","statementMap":{"0":{"start":{"line":1,"column":0},"end":{"line":1,"column":null}},"1":{"start":{"line":2,"column":0},"end":{"line":2,"column":null}},"2":{"start":{"line":3,"column":0},"end":{"line":3,"column":null}},"3":{"start":{"line":5,"column":0},"end":{"line":5,"column":null}},"4":{"start":{"line":6,"column":0},"end":{"line":6,"column":null}},"5":{"start":{"line":7,"column":0},"end":{"line":7,"column":null}},"6":{"start":{"line":9,"column":0},"end":{"line":9,"column":null}},"7":{"start":{"line":10,"column":0},"end":{"line":10,"column":null}},"8":{"start":{"line":11,"column":0},"end":{"line":11,"column":null}},"9":{"start":{"line":13,"column":0},"end":{"line":13,"column":null}},"10":{"start":{"line":14,"column":0},"end":{"line":14,"column":null}},"11":{"start":{"line":15,"column":0},"end":{"line":15,"column":null}},"12":{"start":{"line":16,"column":0},"end":{"line":16,"column":null}},"13":{"start":{"line":17,"column":0},"end":{"line":17,"column":null}},"14":{"start":{"line":18,"column":0},"end":{"line":18,"column":41}},"15":{"start":{"line":18,"column":41},"end":{"line":18,"column":null}},"16":{"start":{"line":20,"column":16},"end":{"line":20,"column":35}},"17":{"start":{"line":21,"column":24},"end":{"line":21,"column":74}},"18":{"start":{"line":22,"column":16},"end":{"line":22,"column":43}},"19":{"start":{"line":23,"column":22},"end":{"line":23,"column":37}},"20":{"start":{"line":43,"column":16},"end":{"line":226,"column":1}},"21":{"start":{"line":44,"column":16},"end":{"line":44,"column":24}},"22":{"start":{"line":56,"column":6},"end":{"line":56,"column":14}},"23":{"start":{"line":53,"column":20},"end":{"line":53,"column":29}},"24":{"start":{"line":59,"column":2},"end":{"line":59,"column":null}},"25":{"start":{"line":63,"column":28},"end":{"line":63,"column":62}},"26":{"start":{"line":65,"column":2},"end":{"line":65,"column":null}},"27":{"start":{"line":69,"column":2},"end":{"line":74,"column":null}},"28":{"start":{"line":72,"column":6},"end":{"line":72,"column":null}},"29":{"start":{"line":72,"column":57},"end":{"line":72,"column":64}},"30":{"start":{"line":76,"column":2},"end":{"line":76,"column":null}},"31":{"start":{"line":77,"column":2},"end":{"line":77,"column":51}},"32":{"start":{"line":78,"column":2},"end":{"line":78,"column":null}},"33":{"start":{"line":81,"column":2},"end":{"line":98,"column":null}},"34":{"start":{"line":101,"column":28},"end":{"line":101,"column":80}},"35":{"start":{"line":102,"column":2},"end":{"line":104,"column":null}},"36":{"start":{"line":103,"column":4},"end":{"line":103,"column":null}},"37":{"start":{"line":108,"column":2},"end":{"line":111,"column":null}},"38":{"start":{"line":109,"column":4},"end":{"line":109,"column":null}},"39":{"start":{"line":110,"column":4},"end":{"line":110,"column":null}},"40":{"start":{"line":113,"column":2},"end":{"line":113,"column":null}},"41":{"start":{"line":113,"column":32},"end":{"line":113,"column":64}},"42":{"start":{"line":115,"column":16},"end":{"line":115,"column":31}},"43":{"start":{"line":118,"column":2},"end":{"line":225,"column":null}},"44":{"start":{"line":119,"column":4},"end":{"line":119,"column":null}},"45":{"start":{"line":120,"column":4},"end":{"line":120,"column":null}},"46":{"start":{"line":123,"column":30},"end":{"line":123,"column":39}},"47":{"start":{"line":125,"column":4},"end":{"line":128,"column":null}},"48":{"start":{"line":126,"column":6},"end":{"line":126,"column":null}},"49":{"start":{"line":127,"column":6},"end":{"line":127,"column":null}},"50":{"start":{"line":131,"column":4},"end":{"line":134,"column":null}},"51":{"start":{"line":132,"column":6},"end":{"line":132,"column":null}},"52":{"start":{"line":133,"column":6},"end":{"line":133,"column":null}},"53":{"start":{"line":136,"column":4},"end":{"line":141,"column":null}},"54":{"start":{"line":137,"column":6},"end":{"line":140,"column":null}},"55":{"start":{"line":138,"column":8},"end":{"line":138,"column":null}},"56":{"start":{"line":139,"column":8},"end":{"line":139,"column":null}},"57":{"start":{"line":143,"column":4},"end":{"line":145,"column":null}},"58":{"start":{"line":144,"column":6},"end":{"line":144,"column":null}},"59":{"start":{"line":148,"column":4},"end":{"line":168,"column":null}},"60":{"start":{"line":149,"column":21},"end":{"line":149,"column":44}},"61":{"start":{"line":150,"column":22},"end":{"line":150,"column":30}},"62":{"start":{"line":151,"column":6},"end":{"line":151,"column":null}},"63":{"start":{"line":152,"column":6},"end":{"line":157,"column":null}},"64":{"start":{"line":158,"column":14},"end":{"line":158,"column":15}},"65":{"start":{"line":159,"column":6},"end":{"line":162,"column":null}},"66":{"start":{"line":160,"column":8},"end":{"line":160,"column":null}},"67":{"start":{"line":161,"column":8},"end":{"line":161,"column":null}},"68":{"start":{"line":163,"column":6},"end":{"line":163,"column":null}},"69":{"start":{"line":164,"column":6},"end":{"line":166,"column":null}},"70":{"start":{"line":165,"column":8},"end":{"line":165,"column":null}},"71":{"start":{"line":167,"column":6},"end":{"line":167,"column":null}},"72":{"start":{"line":170,"column":4},"end":{"line":203,"column":null}},"73":{"start":{"line":171,"column":6},"end":{"line":171,"column":null}},"74":{"start":{"line":171,"column":27},"end":{"line":171,"column":null}},"75":{"start":{"line":173,"column":21},"end":{"line":173,"column":40}},"76":{"start":{"line":174,"column":6},"end":{"line":174,"column":null}},"77":{"start":{"line":176,"column":26},"end":{"line":180,"column":21}},"78":{"start":{"line":181,"column":17},"end":{"line":181,"column":116}},"79":{"start":{"line":183,"column":6},"end":{"line":188,"column":null}},"80":{"start":{"line":184,"column":8},"end":{"line":184,"column":null}},"81":{"start":{"line":187,"column":8},"end":{"line":187,"column":null}},"82":{"start":{"line":190,"column":6},"end":{"line":202,"column":null}},"83":{"start":{"line":191,"column":8},"end":{"line":191,"column":20}},"84":{"start":{"line":194,"column":8},"end":{"line":200,"column":null}},"85":{"start":{"line":195,"column":10},"end":{"line":195,"column":null}},"86":{"start":{"line":198,"column":10},"end":{"line":198,"column":null}},"87":{"start":{"line":199,"column":10},"end":{"line":199,"column":null}},"88":{"start":{"line":201,"column":8},"end":{"line":201,"column":null}},"89":{"start":{"line":205,"column":4},"end":{"line":205,"column":null}},"90":{"start":{"line":207,"column":22},"end":{"line":207,"column":107}},"91":{"start":{"line":208,"column":4},"end":{"line":210,"column":null}},"92":{"start":{"line":209,"column":6},"end":{"line":209,"column":null}},"93":{"start":{"line":211,"column":4},"end":{"line":211,"column":null}},"94":{"start":{"line":212,"column":4},"end":{"line":212,"column":null}},"95":{"start":{"line":214,"column":4},"end":{"line":218,"column":null}},"96":{"start":{"line":215,"column":6},"end":{"line":215,"column":null}},"97":{"start":{"line":216,"column":26},"end":{"line":216,"column":87}},"98":{"start":{"line":217,"column":6},"end":{"line":217,"column":null}},"99":{"start":{"line":220,"column":4},"end":{"line":220,"column":null}},"100":{"start":{"line":223,"column":4},"end":{"line":223,"column":null}},"101":{"start":{"line":224,"column":4},"end":{"line":224,"column":null}},"102":{"start":{"line":228,"column":0},"end":{"line":228,"column":null}},"103":{"start":{"line":229,"column":15},"end":{"line":240,"column":1}},"104":{"start":{"line":230,"column":15},"end":{"line":230,"column":17}},"105":{"start":{"line":232,"column":21},"end":{"line":232,"column":57}},"106":{"start":{"line":233,"column":27},"end":{"line":233,"column":44}},"107":{"start":{"line":234,"column":16},"end":{"line":234,"column":17}},"108":{"start":{"line":235,"column":2},"end":{"line":238,"column":null}},"109":{"start":{"line":236,"column":4},"end":{"line":236,"column":null}},"110":{"start":{"line":237,"column":4},"end":{"line":237,"column":null}},"111":{"start":{"line":239,"column":2},"end":{"line":239,"column":null}},"112":{"start":{"line":242,"column":19},"end":{"line":284,"column":1}}},"fnMap":{"0":{"name":"_interopRequireWildcard","decl":{"start":{"line":18,"column":41},"end":{"line":18,"column":null}},"loc":{"start":{"line":18,"column":41},"end":{"line":18,"column":null}}},"1":{"name":"(anonymous_2)","decl":{"start":{"line":43,"column":16},"end":{"line":43,"column":22}},"loc":{"start":{"line":43,"column":35},"end":{"line":226,"column":1}}},"2":{"name":"(anonymous_3)","decl":{"start":{"line":53,"column":20},"end":{"line":53,"column":29}},"loc":{"start":{"line":53,"column":20},"end":{"line":53,"column":29}}},"3":{"name":"(anonymous_4)","decl":{"start":{"line":71,"column":21},"end":{"line":71,"column":22}},"loc":{"start":{"line":71,"column":34},"end":{"line":73,"column":null}}},"4":{"name":"(anonymous_5)","decl":{"start":{"line":72,"column":40},"end":{"line":72,"column":41}},"loc":{"start":{"line":72,"column":57},"end":{"line":72,"column":64}}},"5":{"name":"(anonymous_6)","decl":{"start":{"line":108,"column":15},"end":{"line":108,"column":26}},"loc":{"start":{"line":108,"column":26},"end":{"line":111,"column":3}}},"6":{"name":"(anonymous_7)","decl":{"start":{"line":113,"column":22},"end":{"line":113,"column":27}},"loc":{"start":{"line":113,"column":32},"end":{"line":113,"column":64}}},"7":{"name":"(anonymous_8)","decl":{"start":{"line":148,"column":12},"end":{"line":148,"column":13}},"loc":{"start":{"line":148,"column":39},"end":{"line":168,"column":5}}},"8":{"name":"(anonymous_9)","decl":{"start":{"line":170,"column":12},"end":{"line":170,"column":13}},"loc":{"start":{"line":170,"column":39},"end":{"line":203,"column":5}}},"9":{"name":"(anonymous_10)","decl":{"start":{"line":229,"column":15},"end":{"line":229,"column":16}},"loc":{"start":{"line":229,"column":31},"end":{"line":240,"column":1}}}},"branchMap":{"0":{"loc":{"start":{"line":18,"column":41},"end":{"line":18,"column":null}},"type":"if","locations":[{"start":{"line":18,"column":41},"end":{"line":18,"column":null}}]},"1":{"loc":{"start":{"line":18,"column":41},"end":{"line":18,"column":null}},"type":"binary-expr","locations":[{"start":{"line":18,"column":41},"end":{"line":18,"column":null}},{"start":{"line":18,"column":41},"end":{"line":18,"column":null}},{"start":{"line":18,"column":41},"end":{"line":18,"column":null}}]},"2":{"loc":{"start":{"line":18,"column":41},"end":{"line":18,"column":null}},"type":"cond-expr","locations":[{"start":{"line":18,"column":41},"end":{"line":18,"column":null}},{"start":{"line":18,"column":41},"end":{"line":18,"column":null}}]},"3":{"loc":{"start":{"line":49,"column":4},"end":{"line":49,"column":23}},"type":"default-arg","locations":[{"start":{"line":49,"column":18},"end":{"line":49,"column":23}}]},"4":{"loc":{"start":{"line":52,"column":4},"end":{"line":52,"column":29}},"type":"default-arg","locations":[{"start":{"line":52,"column":15},"end":{"line":52,"column":29}}]},"5":{"loc":{"start":{"line":53,"column":4},"end":{"line":53,"column":null}},"type":"default-arg","locations":[{"start":{"line":53,"column":20},"end":{"line":53,"column":null}}]},"6":{"loc":{"start":{"line":54,"column":4},"end":{"line":54,"column":27}},"type":"default-arg","locations":[{"start":{"line":54,"column":22},"end":{"line":54,"column":27}}]},"7":{"loc":{"start":{"line":65,"column":8},"end":{"line":65,"column":24}},"type":"binary-expr","locations":[{"start":{"line":65,"column":8},"end":{"line":65,"column":11}},{"start":{"line":65,"column":15},"end":{"line":65,"column":24}}]},"8":{"loc":{"start":{"line":91,"column":30},"end":{"line":91,"column":105}},"type":"binary-expr","locations":[{"start":{"line":91,"column":30},"end":{"line":91,"column":53}},{"start":{"line":91,"column":57},"end":{"line":91,"column":105}}]},"9":{"loc":{"start":{"line":102,"column":2},"end":{"line":104,"column":null}},"type":"if","locations":[{"start":{"line":102,"column":2},"end":{"line":104,"column":null}}]},"10":{"loc":{"start":{"line":125,"column":4},"end":{"line":128,"column":null}},"type":"if","locations":[{"start":{"line":125,"column":4},"end":{"line":128,"column":null}}]},"11":{"loc":{"start":{"line":131,"column":4},"end":{"line":134,"column":null}},"type":"if","locations":[{"start":{"line":131,"column":4},"end":{"line":134,"column":null}}]},"12":{"loc":{"start":{"line":136,"column":4},"end":{"line":141,"column":null}},"type":"if","locations":[{"start":{"line":136,"column":4},"end":{"line":141,"column":null}}]},"13":{"loc":{"start":{"line":136,"column":8},"end":{"line":136,"column":27}},"type":"cond-expr","locations":[{"start":{"line":136,"column":19},"end":{"line":136,"column":21}},{"start":{"line":136,"column":8},"end":{"line":136,"column":27}}]},"14":{"loc":{"start":{"line":136,"column":8},"end":{"line":136,"column":21}},"type":"binary-expr","locations":[{"start":{"line":136,"column":8},"end":{"line":136,"column":21}},{"start":{"line":136,"column":8},"end":{"line":136,"column":21}}]},"15":{"loc":{"start":{"line":159,"column":13},"end":{"line":159,"column":54}},"type":"binary-expr","locations":[{"start":{"line":159,"column":13},"end":{"line":159,"column":33}},{"start":{"line":159,"column":37},"end":{"line":159,"column":54}}]},"16":{"loc":{"start":{"line":164,"column":6},"end":{"line":166,"column":null}},"type":"if","locations":[{"start":{"line":164,"column":6},"end":{"line":166,"column":null}}]},"17":{"loc":{"start":{"line":171,"column":6},"end":{"line":171,"column":null}},"type":"if","locations":[{"start":{"line":171,"column":6},"end":{"line":171,"column":null}}]},"18":{"loc":{"start":{"line":173,"column":21},"end":{"line":173,"column":40}},"type":"binary-expr","locations":[{"start":{"line":173,"column":21},"end":{"line":173,"column":33}},{"start":{"line":173,"column":37},"end":{"line":173,"column":40}}]},"19":{"loc":{"start":{"line":176,"column":26},"end":{"line":180,"column":21}},"type":"cond-expr","locations":[{"start":{"line":177,"column":10},"end":{"line":177,"column":18}},{"start":{"line":178,"column":10},"end":{"line":180,"column":21}}]},"20":{"loc":{"start":{"line":176,"column":26},"end":{"line":176,"column":55}},"type":"binary-expr","locations":[{"start":{"line":176,"column":26},"end":{"line":176,"column":39}},{"start":{"line":176,"column":43},"end":{"line":176,"column":55}}]},"21":{"loc":{"start":{"line":178,"column":10},"end":{"line":180,"column":21}},"type":"cond-expr","locations":[{"start":{"line":179,"column":12},"end":{"line":179,"column":20}},{"start":{"line":180,"column":12},"end":{"line":180,"column":21}}]},"22":{"loc":{"start":{"line":178,"column":10},"end":{"line":178,"column":39}},"type":"binary-expr","locations":[{"start":{"line":178,"column":10},"end":{"line":178,"column":23}},{"start":{"line":178,"column":27},"end":{"line":178,"column":39}}]},"23":{"loc":{"start":{"line":183,"column":6},"end":{"line":188,"column":null}},"type":"if","locations":[{"start":{"line":183,"column":6},"end":{"line":188,"column":null}},{"start":{"line":186,"column":11},"end":{"line":188,"column":null}}]},"24":{"loc":{"start":{"line":183,"column":10},"end":{"line":183,"column":50}},"type":"binary-expr","locations":[{"start":{"line":183,"column":10},"end":{"line":183,"column":35}},{"start":{"line":183,"column":39},"end":{"line":183,"column":50}}]},"25":{"loc":{"start":{"line":190,"column":6},"end":{"line":202,"column":null}},"type":"if","locations":[{"start":{"line":190,"column":6},"end":{"line":202,"column":null}},{"start":{"line":193,"column":11},"end":{"line":202,"column":null}}]},"26":{"loc":{"start":{"line":194,"column":8},"end":{"line":200,"column":null}},"type":"if","locations":[{"start":{"line":194,"column":8},"end":{"line":200,"column":null}},{"start":{"line":197,"column":13},"end":{"line":200,"column":null}}]},"27":{"loc":{"start":{"line":214,"column":4},"end":{"line":218,"column":null}},"type":"if","locations":[{"start":{"line":214,"column":4},"end":{"line":218,"column":null}}]},"28":{"loc":{"start":{"line":216,"column":26},"end":{"line":216,"column":87}},"type":"binary-expr","locations":[{"start":{"line":216,"column":26},"end":{"line":216,"column":37}},{"start":{"line":216,"column":41},"end":{"line":216,"column":87}}]},"29":{"loc":{"start":{"line":229,"column":16},"end":{"line":229,"column":26}},"type":"default-arg","locations":[{"start":{"line":229,"column":25},"end":{"line":229,"column":26}}]}},"s":{"0":4,"1":4,"2":4,"3":4,"4":4,"5":4,"6":4,"7":4,"8":4,"9":4,"10":4,"11":4,"12":4,"13":4,"14":4,"15":280,"16":4,"17":4,"18":4,"19":4,"20":4,"21":7,"22":7,"23":0,"24":7,"25":7,"26":7,"27":7,"28":0,"29":0,"30":7,"31":7,"32":7,"33":7,"34":7,"35":7,"36":0,"37":7,"38":0,"39":0,"40":7,"41":0,"42":7,"43":7,"44":7,"45":7,"46":7,"47":7,"48":3,"49":3,"50":7,"51":7,"52":7,"53":7,"54":3,"55":4,"56":4,"57":7,"58":3,"59":7,"60":0,"61":0,"62":0,"63":0,"64":0,"65":0,"66":0,"67":0,"68":0,"69":0,"70":0,"71":0,"72":7,"73":0,"74":0,"75":0,"76":0,"77":0,"78":0,"79":0,"80":0,"81":0,"82":0,"83":0,"84":0,"85":0,"86":0,"87":0,"88":0,"89":7,"90":7,"91":7,"92":0,"93":7,"94":7,"95":7,"96":0,"97":0,"98":0,"99":7,"100":0,"101":0,"102":4,"103":4,"104":0,"105":0,"106":0,"107":0,"108":0,"109":0,"110":0,"111":0,"112":4},"f":{"0":12,"1":7,"2":0,"3":0,"4":0,"5":0,"6":0,"7":0,"8":0,"9":0},"b":{"0":[12],"1":[416,416,408],"2":[200,408],"3":[0],"4":[0],"5":[0],"6":[0],"7":[7,7],"8":[7,7],"9":[0],"10":[3],"11":[7],"12":[3],"13":[4,3],"14":[7,7],"15":[0,0],"16":[0],"17":[0],"18":[0,0],"19":[0,0],"20":[0,0],"21":[0,0],"22":[0,0],"23":[0,0],"24":[0,0],"25":[0,0],"26":[0,0],"27":[0],"28":[0,0],"29":[0]}}
,"/Users/zane/playground/liquid-labs/pluggable-express/src/server.mjs": {"path":"/Users/zane/playground/liquid-labs/pluggable-express/src/server.mjs","statementMap":{"0":{"start":{"line":1,"column":0},"end":{"line":1,"column":null}},"1":{"start":{"line":3,"column":20},"end":{"line":40,"column":1}},"2":{"start":{"line":10,"column":2},"end":{"line":10,"column":null}},"3":{"start":{"line":12,"column":2},"end":{"line":14,"column":null}},"4":{"start":{"line":13,"column":4},"end":{"line":13,"column":null}},"5":{"start":{"line":16,"column":25},"end":{"line":16,"column":52}},"6":{"start":{"line":18,"column":17},"end":{"line":26,"column":4}},"7":{"start":{"line":19,"column":4},"end":{"line":22,"column":5}},"8":{"start":{"line":20,"column":6},"end":{"line":20,"column":null}},"9":{"start":{"line":21,"column":6},"end":{"line":21,"column":null}},"10":{"start":{"line":24,"column":4},"end":{"line":24,"column":null}},"11":{"start":{"line":25,"column":4},"end":{"line":25,"column":null}},"12":{"start":{"line":29,"column":2},"end":{"line":37,"column":null}},"13":{"start":{"line":30,"column":4},"end":{"line":33,"column":null}},"14":{"start":{"line":31,"column":6},"end":{"line":31,"column":null}},"15":{"start":{"line":32,"column":6},"end":{"line":32,"column":null}},"16":{"start":{"line":36,"column":4},"end":{"line":36,"column":null}},"17":{"start":{"line":39,"column":2},"end":{"line":39,"column":null}},"18":{"start":{"line":40,"column":1},"end":{"line":40,"column":null}}},"fnMap":{"0":{"name":"(anonymous_0)","decl":{"start":{"line":3,"column":20},"end":{"line":3,"column":26}},"loc":{"start":{"line":9,"column":6},"end":{"line":40,"column":1}}},"1":{"name":"(anonymous_1)","decl":{"start":{"line":18,"column":35},"end":{"line":18,"column":38}},"loc":{"start":{"line":18,"column":43},"end":{"line":26,"column":3}}},"2":{"name":"(anonymous_2)","decl":{"start":{"line":29,"column":24},"end":{"line":29,"column":30}},"loc":{"start":{"line":29,"column":30},"end":{"line":37,"column":3}}},"3":{"name":"(anonymous_3)","decl":{"start":{"line":30,"column":17},"end":{"line":30,"column":23}},"loc":{"start":{"line":30,"column":23},"end":{"line":33,"column":5}}}},"branchMap":{"0":{"loc":{"start":{"line":10,"column":13},"end":{"line":10,"column":39}},"type":"binary-expr","locations":[{"start":{"line":10,"column":13},"end":{"line":10,"column":21}},{"start":{"line":10,"column":25},"end":{"line":10,"column":39}}]},"1":{"loc":{"start":{"line":12,"column":2},"end":{"line":14,"column":null}},"type":"if","locations":[{"start":{"line":12,"column":2},"end":{"line":14,"column":null}}]},"2":{"loc":{"start":{"line":19,"column":4},"end":{"line":22,"column":5}},"type":"if","locations":[{"start":{"line":19,"column":4},"end":{"line":22,"column":5}}]}},"s":{"0":0,"1":0,"2":0,"3":0,"4":0,"5":0,"6":0,"7":0,"8":0,"9":0,"10":0,"11":0,"12":0,"13":0,"14":0,"15":0,"16":0,"17":0,"18":0},"f":{"0":0,"1":0,"2":0,"3":0},"b":{"0":[0,0],"1":[0],"2":[0]}}
,"/Users/zane/playground/liquid-labs/pluggable-express/src/handlers/heartbeat.mjs": {"path":"/Users/zane/playground/liquid-labs/pluggable-express/src/handlers/heartbeat.mjs","statementMap":{"0":{"start":{"line":1,"column":10},"end":{"line":4,"column":1}},"1":{"start":{"line":6,"column":12},"end":{"line":6,"column":20}},"2":{"start":{"line":7,"column":10},"end":{"line":7,"column":26}},"3":{"start":{"line":8,"column":16},"end":{"line":8,"column":21}},"4":{"start":{"line":10,"column":13},"end":{"line":15,"column":1}},"5":{"start":{"line":10,"column":31},"end":{"line":15,"column":1}},"6":{"start":{"line":11,"column":2},"end":{"line":11,"column":null}},"7":{"start":{"line":12,"column":2},"end":{"line":12,"column":null}},"8":{"start":{"line":13,"column":2},"end":{"line":13,"column":null}},"9":{"start":{"line":15,"column":1},"end":{"line":15,"column":null}}},"fnMap":{"0":{"name":"(anonymous_0)","decl":{"start":{"line":10,"column":13},"end":{"line":10,"column":14}},"loc":{"start":{"line":10,"column":31},"end":{"line":15,"column":1}}},"1":{"name":"(anonymous_1)","decl":{"start":{"line":10,"column":31},"end":{"line":10,"column":32}},"loc":{"start":{"line":10,"column":45},"end":{"line":15,"column":1}}}},"branchMap":{},"s":{"0":4,"1":4,"2":4,"3":4,"4":4,"5":7,"6":0,"7":0,"8":0,"9":4},"f":{"0":7,"1":0},"b":{}}
,"/Users/zane/playground/liquid-labs/pluggable-express/src/handlers/help/help.mjs": {"path":"/Users/zane/playground/liquid-labs/pluggable-express/src/handlers/help/help.mjs","statementMap":{"0":{"start":{"line":1,"column":0},"end":{"line":1,"column":null}},"1":{"start":{"line":3,"column":0},"end":{"line":3,"column":null}},"2":{"start":{"line":5,"column":12},"end":{"line":5,"column":20}},"3":{"start":{"line":6,"column":10},"end":{"line":6,"column":21}},"4":{"start":{"line":7,"column":16},"end":{"line":14,"column":null}},"5":{"start":{"line":16,"column":0},"end":{"line":16,"column":null}},"6":{"start":{"line":18,"column":13},"end":{"line":21,"column":1}},"7":{"start":{"line":23,"column":10},"end":{"line":23,"column":57}}},"fnMap":{},"branchMap":{},"s":{"0":4,"1":4,"2":4,"3":4,"4":4,"5":4,"6":4,"7":4},"f":{},"b":{}}
,"/Users/zane/playground/liquid-labs/pluggable-express/src/handlers/help/lib/formatter-md.mjs": {"path":"/Users/zane/playground/liquid-labs/pluggable-express/src/handlers/help/lib/formatter-md.mjs","statementMap":{"0":{"start":{"line":1,"column":0},"end":{"line":1,"column":null}},"1":{"start":{"line":3,"column":34},"end":{"line":17,"column":1}},"2":{"start":{"line":4,"column":15},"end":{"line":4,"column":59}},"3":{"start":{"line":5,"column":2},"end":{"line":5,"column":null}},"4":{"start":{"line":6,"column":15},"end":{"line":12,"column":18}},"5":{"start":{"line":13,"column":2},"end":{"line":13,"column":null}},"6":{"start":{"line":14,"column":2},"end":{"line":14,"column":null}},"7":{"start":{"line":14,"column":17},"end":{"line":14,"column":null}},"8":{"start":{"line":16,"column":2},"end":{"line":16,"column":null}},"9":{"start":{"line":19,"column":23},"end":{"line":56,"column":1}},"10":{"start":{"line":19,"column":49},"end":{"line":56,"column":1}},"11":{"start":{"line":20,"column":16},"end":{"line":20,"column":83}},"12":{"start":{"line":22,"column":2},"end":{"line":24,"column":null}},"13":{"start":{"line":23,"column":4},"end":{"line":23,"column":null}},"14":{"start":{"line":26,"column":2},"end":{"line":34,"column":null}},"15":{"start":{"line":27,"column":4},"end":{"line":27,"column":null}},"16":{"start":{"line":28,"column":4},"end":{"line":33,"column":null}},"17":{"start":{"line":29,"column":6},"end":{"line":29,"column":null}},"18":{"start":{"line":30,"column":6},"end":{"line":30,"column":null}},"19":{"start":{"line":31,"column":6},"end":{"line":31,"column":null}},"20":{"start":{"line":32,"column":6},"end":{"line":32,"column":null}},"21":{"start":{"line":36,"column":2},"end":{"line":39,"column":null}},"22":{"start":{"line":37,"column":4},"end":{"line":37,"column":null}},"23":{"start":{"line":38,"column":4},"end":{"line":38,"column":null}},"24":{"start":{"line":41,"column":2},"end":{"line":53,"column":null}},"25":{"start":{"line":42,"column":4},"end":{"line":42,"column":null}},"26":{"start":{"line":43,"column":4},"end":{"line":52,"column":null}},"27":{"start":{"line":44,"column":6},"end":{"line":49,"column":null}},"28":{"start":{"line":45,"column":8},"end":{"line":45,"column":null}},"29":{"start":{"line":48,"column":8},"end":{"line":48,"column":null}},"30":{"start":{"line":51,"column":6},"end":{"line":51,"column":null}},"31":{"start":{"line":55,"column":2},"end":{"line":55,"column":null}},"32":{"start":{"line":56,"column":1},"end":{"line":56,"column":null}}},"fnMap":{"0":{"name":"(anonymous_0)","decl":{"start":{"line":3,"column":34},"end":{"line":3,"column":35}},"loc":{"start":{"line":3,"column":40},"end":{"line":17,"column":1}}},"1":{"name":"(anonymous_1)","decl":{"start":{"line":19,"column":23},"end":{"line":19,"column":24}},"loc":{"start":{"line":19,"column":49},"end":{"line":56,"column":1}}},"2":{"name":"(anonymous_2)","decl":{"start":{"line":19,"column":49},"end":{"line":19,"column":50}},"loc":{"start":{"line":19,"column":122},"end":{"line":56,"column":1}}},"3":{"name":"(anonymous_3)","decl":{"start":{"line":28,"column":22},"end":{"line":28,"column":23}},"loc":{"start":{"line":28,"column":37},"end":{"line":33,"column":5}}},"4":{"name":"(anonymous_4)","decl":{"start":{"line":43,"column":22},"end":{"line":43,"column":23}},"loc":{"start":{"line":43,"column":37},"end":{"line":52,"column":5}}}},"branchMap":{"0":{"loc":{"start":{"line":4,"column":22},"end":{"line":4,"column":58}},"type":"cond-expr","locations":[{"start":{"line":4,"column":35},"end":{"line":4,"column":45}},{"start":{"line":4,"column":48},"end":{"line":4,"column":58}}]},"1":{"loc":{"start":{"line":5,"column":20},"end":{"line":5,"column":67}},"type":"cond-expr","locations":[{"start":{"line":5,"column":37},"end":{"line":5,"column":50}},{"start":{"line":5,"column":53},"end":{"line":5,"column":67}}]},"2":{"loc":{"start":{"line":6,"column":15},"end":{"line":12,"column":18}},"type":"cond-expr","locations":[{"start":{"line":7,"column":6},"end":{"line":7,"column":15}},{"start":{"line":8,"column":6},"end":{"line":12,"column":18}}]},"3":{"loc":{"start":{"line":8,"column":6},"end":{"line":12,"column":18}},"type":"cond-expr","locations":[{"start":{"line":9,"column":8},"end":{"line":9,"column":17}},{"start":{"line":10,"column":8},"end":{"line":12,"column":18}}]},"4":{"loc":{"start":{"line":10,"column":8},"end":{"line":12,"column":18}},"type":"cond-expr","locations":[{"start":{"line":11,"column":10},"end":{"line":11,"column":18}},{"start":{"line":12,"column":10},"end":{"line":12,"column":18}}]},"5":{"loc":{"start":{"line":14,"column":2},"end":{"line":14,"column":null}},"type":"if","locations":[{"start":{"line":14,"column":2},"end":{"line":14,"column":null}}]},"6":{"loc":{"start":{"line":19,"column":24},"end":{"line":19,"column":44}},"type":"default-arg","locations":[{"start":{"line":19,"column":42},"end":{"line":19,"column":44}}]},"7":{"loc":{"start":{"line":19,"column":26},"end":{"line":19,"column":38}},"type":"default-arg","locations":[{"start":{"line":19,"column":36},"end":{"line":19,"column":38}}]},"8":{"loc":{"start":{"line":20,"column":42},"end":{"line":20,"column":56}},"type":"binary-expr","locations":[{"start":{"line":20,"column":42},"end":{"line":20,"column":47}},{"start":{"line":20,"column":51},"end":{"line":20,"column":56}}]},"9":{"loc":{"start":{"line":22,"column":2},"end":{"line":24,"column":null}},"type":"if","locations":[{"start":{"line":22,"column":2},"end":{"line":24,"column":null}}]},"10":{"loc":{"start":{"line":26,"column":2},"end":{"line":34,"column":null}},"type":"if","locations":[{"start":{"line":26,"column":2},"end":{"line":34,"column":null}}]},"11":{"loc":{"start":{"line":36,"column":2},"end":{"line":39,"column":null}},"type":"if","locations":[{"start":{"line":36,"column":2},"end":{"line":39,"column":null}}]},"12":{"loc":{"start":{"line":41,"column":2},"end":{"line":53,"column":null}},"type":"if","locations":[{"start":{"line":41,"column":2},"end":{"line":53,"column":null}}]},"13":{"loc":{"start":{"line":44,"column":6},"end":{"line":49,"column":null}},"type":"if","locations":[{"start":{"line":44,"column":6},"end":{"line":49,"column":null}},{"start":{"line":47,"column":11},"end":{"line":49,"column":null}}]},"14":{"loc":{"start":{"line":45,"column":49},"end":{"line":45,"column":90}},"type":"cond-expr","locations":[{"start":{"line":45,"column":66},"end":{"line":45,"column":85}},{"start":{"line":45,"column":88},"end":{"line":45,"column":90}}]},"15":{"loc":{"start":{"line":48,"column":37},"end":{"line":48,"column":78}},"type":"cond-expr","locations":[{"start":{"line":48,"column":54},"end":{"line":48,"column":73}},{"start":{"line":48,"column":76},"end":{"line":48,"column":78}}]}},"s":{"0":4,"1":4,"2":0,"3":0,"4":0,"5":0,"6":0,"7":0,"8":0,"9":4,"10":0,"11":0,"12":0,"13":0,"14":0,"15":0,"16":0,"17":0,"18":0,"19":0,"20":0,"21":0,"22":0,"23":0,"24":0,"25":0,"26":0,"27":0,"28":0,"29":0,"30":0,"31":0,"32":4},"f":{"0":0,"1":0,"2":0,"3":0,"4":0},"b":{"0":[0,0],"1":[0,0],"2":[0,0],"3":[0,0],"4":[0,0],"5":[0],"6":[0],"7":[0],"8":[0,0],"9":[0],"10":[0],"11":[0],"12":[0],"13":[0,0],"14":[0,0],"15":[0,0]}}
,"/Users/zane/playground/liquid-labs/pluggable-express/src/handlers/help/lib/formatter-terminal.mjs": {"path":"/Users/zane/playground/liquid-labs/pluggable-express/src/handlers/help/lib/formatter-terminal.mjs","statementMap":{"0":{"start":{"line":2,"column":34},"end":{"line":16,"column":1}},"1":{"start":{"line":3,"column":17},"end":{"line":3,"column":86}},"2":{"start":{"line":4,"column":2},"end":{"line":4,"column":null}},"3":{"start":{"line":5,"column":15},"end":{"line":11,"column":18}},"4":{"start":{"line":12,"column":2},"end":{"line":12,"column":null}},"5":{"start":{"line":13,"column":2},"end":{"line":13,"column":null}},"6":{"start":{"line":15,"column":2},"end":{"line":15,"column":null}},"7":{"start":{"line":18,"column":15},"end":{"line":18,"column":16}},"8":{"start":{"line":19,"column":29},"end":{"line":59,"column":1}},"9":{"start":{"line":20,"column":16},"end":{"line":20,"column":39}},"10":{"start":{"line":20,"column":25},"end":{"line":20,"column":39}},"11":{"start":{"line":22,"column":2},"end":{"line":58,"column":null}},"12":{"start":{"line":23,"column":67},"end":{"line":23,"column":71}},"13":{"start":{"line":25,"column":18},"end":{"line":25,"column":67}},"14":{"start":{"line":27,"column":4},"end":{"line":29,"column":null}},"15":{"start":{"line":28,"column":6},"end":{"line":28,"column":null}},"16":{"start":{"line":31,"column":4},"end":{"line":40,"column":null}},"17":{"start":{"line":32,"column":6},"end":{"line":32,"column":null}},"18":{"start":{"line":33,"column":6},"end":{"line":38,"column":null}},"19":{"start":{"line":34,"column":8},"end":{"line":34,"column":null}},"20":{"start":{"line":35,"column":8},"end":{"line":35,"column":null}},"21":{"start":{"line":36,"column":8},"end":{"line":36,"column":null}},"22":{"start":{"line":37,"column":8},"end":{"line":37,"column":null}},"23":{"start":{"line":39,"column":6},"end":{"line":39,"column":null}},"24":{"start":{"line":42,"column":4},"end":{"line":45,"column":null}},"25":{"start":{"line":43,"column":6},"end":{"line":43,"column":null}},"26":{"start":{"line":44,"column":6},"end":{"line":44,"column":null}},"27":{"start":{"line":47,"column":4},"end":{"line":53,"column":null}},"28":{"start":{"line":48,"column":6},"end":{"line":48,"column":null}},"29":{"start":{"line":49,"column":6},"end":{"line":52,"column":null}},"30":{"start":{"line":50,"column":8},"end":{"line":50,"column":null}},"31":{"start":{"line":51,"column":8},"end":{"line":51,"column":null}},"32":{"start":{"line":55,"column":4},"end":{"line":55,"column":null}},"33":{"start":{"line":57,"column":4},"end":{"line":57,"column":null}},"34":{"start":{"line":59,"column":1},"end":{"line":59,"column":null}}},"fnMap":{"0":{"name":"(anonymous_0)","decl":{"start":{"line":2,"column":34},"end":{"line":2,"column":35}},"loc":{"start":{"line":2,"column":40},"end":{"line":16,"column":1}}},"1":{"name":"(anonymous_1)","decl":{"start":{"line":19,"column":29},"end":{"line":19,"column":30}},"loc":{"start":{"line":19,"column":55},"end":{"line":59,"column":1}}},"2":{"name":"(anonymous_2)","decl":{"start":{"line":20,"column":16},"end":{"line":20,"column":20}},"loc":{"start":{"line":20,"column":25},"end":{"line":20,"column":39}}},"3":{"name":"(anonymous_3)","decl":{"start":{"line":22,"column":9},"end":{"line":22,"column":10}},"loc":{"start":{"line":22,"column":45},"end":{"line":58,"column":3}}},"4":{"name":"(anonymous_4)","decl":{"start":{"line":33,"column":34},"end":{"line":33,"column":35}},"loc":{"start":{"line":33,"column":49},"end":{"line":38,"column":7}}},"5":{"name":"(anonymous_5)","decl":{"start":{"line":49,"column":24},"end":{"line":49,"column":25}},"loc":{"start":{"line":49,"column":39},"end":{"line":52,"column":7}}}},"branchMap":{"0":{"loc":{"start":{"line":3,"column":28},"end":{"line":3,"column":85}},"type":"cond-expr","locations":[{"start":{"line":3,"column":41},"end":{"line":3,"column":72}},{"start":{"line":3,"column":75},"end":{"line":3,"column":85}}]},"1":{"loc":{"start":{"line":4,"column":22},"end":{"line":4,"column":69}},"type":"cond-expr","locations":[{"start":{"line":4,"column":39},"end":{"line":4,"column":52}},{"start":{"line":4,"column":55},"end":{"line":4,"column":69}}]},"2":{"loc":{"start":{"line":5,"column":15},"end":{"line":11,"column":18}},"type":"cond-expr","locations":[{"start":{"line":6,"column":6},"end":{"line":6,"column":15}},{"start":{"line":7,"column":6},"end":{"line":11,"column":18}}]},"3":{"loc":{"start":{"line":7,"column":6},"end":{"line":11,"column":18}},"type":"cond-expr","locations":[{"start":{"line":8,"column":8},"end":{"line":8,"column":17}},{"start":{"line":9,"column":8},"end":{"line":11,"column":18}}]},"4":{"loc":{"start":{"line":9,"column":8},"end":{"line":11,"column":18}},"type":"cond-expr","locations":[{"start":{"line":10,"column":10},"end":{"line":10,"column":18}},{"start":{"line":11,"column":10},"end":{"line":11,"column":18}}]},"5":{"loc":{"start":{"line":13,"column":14},"end":{"line":13,"column":58}},"type":"cond-expr","locations":[{"start":{"line":13,"column":26},"end":{"line":13,"column":53}},{"start":{"line":13,"column":56},"end":{"line":13,"column":58}}]},"6":{"loc":{"start":{"line":19,"column":30},"end":{"line":19,"column":50}},"type":"default-arg","locations":[{"start":{"line":19,"column":48},"end":{"line":19,"column":50}}]},"7":{"loc":{"start":{"line":19,"column":32},"end":{"line":19,"column":44}},"type":"default-arg","locations":[{"start":{"line":19,"column":42},"end":{"line":19,"column":44}}]},"8":{"loc":{"start":{"line":27,"column":4},"end":{"line":29,"column":null}},"type":"if","locations":[{"start":{"line":27,"column":4},"end":{"line":29,"column":null}}]},"9":{"loc":{"start":{"line":31,"column":4},"end":{"line":40,"column":null}},"type":"if","locations":[{"start":{"line":31,"column":4},"end":{"line":40,"column":null}}]},"10":{"loc":{"start":{"line":42,"column":4},"end":{"line":45,"column":null}},"type":"if","locations":[{"start":{"line":42,"column":4},"end":{"line":45,"column":null}}]},"11":{"loc":{"start":{"line":47,"column":4},"end":{"line":53,"column":null}},"type":"if","locations":[{"start":{"line":47,"column":4},"end":{"line":53,"column":null}}]},"12":{"loc":{"start":{"line":50,"column":41},"end":{"line":50,"column":67}},"type":"cond-expr","locations":[{"start":{"line":50,"column":57},"end":{"line":50,"column":61}},{"start":{"line":50,"column":64},"end":{"line":50,"column":67}}]},"13":{"loc":{"start":{"line":50,"column":85},"end":{"line":50,"column":110}},"type":"cond-expr","locations":[{"start":{"line":50,"column":101},"end":{"line":50,"column":104}},{"start":{"line":50,"column":107},"end":{"line":50,"column":110}}]}},"s":{"0":4,"1":0,"2":0,"3":0,"4":0,"5":0,"6":0,"7":4,"8":4,"9":0,"10":0,"11":0,"12":0,"13":0,"14":0,"15":0,"16":0,"17":0,"18":0,"19":0,"20":0,"21":0,"22":0,"23":0,"24":0,"25":0,"26":0,"27":0,"28":0,"29":0,"30":0,"31":0,"32":0,"33":0,"34":4},"f":{"0":0,"1":0,"2":0,"3":0,"4":0,"5":0},"b":{"0":[0,0],"1":[0,0],"2":[0,0],"3":[0,0],"4":[0,0],"5":[0,0],"6":[0],"7":[0],"8":[0],"9":[0],"10":[0],"11":[0],"12":[0,0],"13":[0,0]}}
,"/Users/zane/playground/liquid-labs/pluggable-express/src/handlers/help/lib/formatter-text.mjs": {"path":"/Users/zane/playground/liquid-labs/pluggable-express/src/handlers/help/lib/formatter-text.mjs","statementMap":{"0":{"start":{"line":1,"column":0},"end":{"line":1,"column":null}},"1":{"start":{"line":4,"column":34},"end":{"line":18,"column":1}},"2":{"start":{"line":5,"column":15},"end":{"line":5,"column":51}},"3":{"start":{"line":6,"column":2},"end":{"line":6,"column":null}},"4":{"start":{"line":7,"column":15},"end":{"line":13,"column":18}},"5":{"start":{"line":14,"column":2},"end":{"line":14,"column":null}},"6":{"start":{"line":15,"column":2},"end":{"line":15,"column":null}},"7":{"start":{"line":15,"column":17},"end":{"line":15,"column":null}},"8":{"start":{"line":17,"column":2},"end":{"line":17,"column":null}},"9":{"start":{"line":20,"column":22},"end":{"line":52,"column":1}},"10":{"start":{"line":21,"column":16},"end":{"line":21,"column":57}},"11":{"start":{"line":23,"column":2},"end":{"line":25,"column":null}},"12":{"start":{"line":24,"column":4},"end":{"line":24,"column":null}},"13":{"start":{"line":27,"column":2},"end":{"line":36,"column":null}},"14":{"start":{"line":28,"column":4},"end":{"line":28,"column":null}},"15":{"start":{"line":29,"column":4},"end":{"line":35,"column":null}},"16":{"start":{"line":30,"column":6},"end":{"line":30,"column":null}},"17":{"start":{"line":31,"column":6},"end":{"line":31,"column":null}},"18":{"start":{"line":32,"column":6},"end":{"line":32,"column":null}},"19":{"start":{"line":34,"column":6},"end":{"line":34,"column":null}},"20":{"start":{"line":38,"column":2},"end":{"line":41,"column":null}},"21":{"start":{"line":39,"column":4},"end":{"line":39,"column":null}},"22":{"start":{"line":40,"column":4},"end":{"line":40,"column":null}},"23":{"start":{"line":43,"column":2},"end":{"line":49,"column":null}},"24":{"start":{"line":44,"column":4},"end":{"line":44,"column":null}},"25":{"start":{"line":45,"column":4},"end":{"line":48,"column":null}},"26":{"start":{"line":46,"column":6},"end":{"line":46,"column":null}},"27":{"start":{"line":47,"column":6},"end":{"line":47,"column":null}},"28":{"start":{"line":51,"column":2},"end":{"line":51,"column":null}},"29":{"start":{"line":52,"column":1},"end":{"line":52,"column":null}}},"fnMap":{"0":{"name":"(anonymous_0)","decl":{"start":{"line":4,"column":34},"end":{"line":4,"column":35}},"loc":{"start":{"line":4,"column":40},"end":{"line":18,"column":1}}},"1":{"name":"(anonymous_1)","decl":{"start":{"line":20,"column":22},"end":{"line":20,"column":23}},"loc":{"start":{"line":20,"column":95},"end":{"line":52,"column":1}}},"2":{"name":"(anonymous_2)","decl":{"start":{"line":29,"column":22},"end":{"line":29,"column":23}},"loc":{"start":{"line":29,"column":37},"end":{"line":35,"column":5}}},"3":{"name":"(anonymous_3)","decl":{"start":{"line":45,"column":22},"end":{"line":45,"column":23}},"loc":{"start":{"line":45,"column":37},"end":{"line":48,"column":5}}}},"branchMap":{"0":{"loc":{"start":{"line":5,"column":15},"end":{"line":5,"column":51}},"type":"cond-expr","locations":[{"start":{"line":5,"column":28},"end":{"line":5,"column":38}},{"start":{"line":5,"column":41},"end":{"line":5,"column":51}}]},"1":{"loc":{"start":{"line":6,"column":20},"end":{"line":6,"column":67}},"type":"cond-expr","locations":[{"start":{"line":6,"column":37},"end":{"line":6,"column":50}},{"start":{"line":6,"column":53},"end":{"line":6,"column":67}}]},"2":{"loc":{"start":{"line":7,"column":15},"end":{"line":13,"column":18}},"type":"cond-expr","locations":[{"start":{"line":8,"column":6},"end":{"line":8,"column":15}},{"start":{"line":9,"column":6},"end":{"line":13,"column":18}}]},"3":{"loc":{"start":{"line":9,"column":6},"end":{"line":13,"column":18}},"type":"cond-expr","locations":[{"start":{"line":10,"column":8},"end":{"line":10,"column":17}},{"start":{"line":11,"column":8},"end":{"line":13,"column":18}}]},"4":{"loc":{"start":{"line":11,"column":8},"end":{"line":13,"column":18}},"type":"cond-expr","locations":[{"start":{"line":12,"column":10},"end":{"line":12,"column":18}},{"start":{"line":13,"column":10},"end":{"line":13,"column":18}}]},"5":{"loc":{"start":{"line":15,"column":2},"end":{"line":15,"column":null}},"type":"if","locations":[{"start":{"line":15,"column":2},"end":{"line":15,"column":null}}]},"6":{"loc":{"start":{"line":21,"column":18},"end":{"line":21,"column":32}},"type":"binary-expr","locations":[{"start":{"line":21,"column":18},"end":{"line":21,"column":23}},{"start":{"line":21,"column":27},"end":{"line":21,"column":32}}]},"7":{"loc":{"start":{"line":23,"column":2},"end":{"line":25,"column":null}},"type":"if","locations":[{"start":{"line":23,"column":2},"end":{"line":25,"column":null}}]},"8":{"loc":{"start":{"line":27,"column":2},"end":{"line":36,"column":null}},"type":"if","locations":[{"start":{"line":27,"column":2},"end":{"line":36,"column":null}}]},"9":{"loc":{"start":{"line":38,"column":2},"end":{"line":41,"column":null}},"type":"if","locations":[{"start":{"line":38,"column":2},"end":{"line":41,"column":null}}]},"10":{"loc":{"start":{"line":43,"column":2},"end":{"line":49,"column":null}},"type":"if","locations":[{"start":{"line":43,"column":2},"end":{"line":49,"column":null}}]},"11":{"loc":{"start":{"line":46,"column":30},"end":{"line":46,"column":56}},"type":"cond-expr","locations":[{"start":{"line":46,"column":46},"end":{"line":46,"column":50}},{"start":{"line":46,"column":53},"end":{"line":46,"column":56}}]},"12":{"loc":{"start":{"line":46,"column":74},"end":{"line":46,"column":99}},"type":"cond-expr","locations":[{"start":{"line":46,"column":90},"end":{"line":46,"column":93}},{"start":{"line":46,"column":96},"end":{"line":46,"column":99}}]}},"s":{"0":4,"1":4,"2":0,"3":0,"4":0,"5":0,"6":0,"7":0,"8":0,"9":4,"10":0,"11":0,"12":0,"13":0,"14":0,"15":0,"16":0,"17":0,"18":0,"19":0,"20":0,"21":0,"22":0,"23":0,"24":0,"25":0,"26":0,"27":0,"28":0,"29":4},"f":{"0":0,"1":0,"2":0,"3":0},"b":{"0":[0,0],"1":[0,0],"2":[0,0],"3":[0,0],"4":[0,0],"5":[0],"6":[0,0],"7":[0],"8":[0],"9":[0],"10":[0],"11":[0,0],"12":[0,0]}}
,"/Users/zane/playground/liquid-labs/pluggable-express/src/handlers/help/lib/print-path.mjs": {"path":"/Users/zane/playground/liquid-labs/pluggable-express/src/handlers/help/lib/print-path.mjs","statementMap":{"0":{"start":{"line":1,"column":19},"end":{"line":1,"column":94}},"1":{"start":{"line":1,"column":28},"end":{"line":1,"column":94}},"2":{"start":{"line":1,"column":56},"end":{"line":1,"column":77}},"3":{"start":{"line":1,"column":94},"end":{"line":1,"column":null}}},"fnMap":{"0":{"name":"(anonymous_0)","decl":{"start":{"line":1,"column":19},"end":{"line":1,"column":23}},"loc":{"start":{"line":1,"column":28},"end":{"line":1,"column":94}}},"1":{"name":"(anonymous_1)","decl":{"start":{"line":1,"column":51},"end":{"line":1,"column":52}},"loc":{"start":{"line":1,"column":56},"end":{"line":1,"column":77}}}},"branchMap":{"0":{"loc":{"start":{"line":1,"column":35},"end":{"line":1,"column":93}},"type":"cond-expr","locations":[{"start":{"line":1,"column":42},"end":{"line":1,"column":88}},{"start":{"line":1,"column":91},"end":{"line":1,"column":93}}]}},"s":{"0":4,"1":0,"2":0,"3":4},"f":{"0":0,"1":0},"b":{"0":[0,0]}}
,"/Users/zane/playground/liquid-labs/pluggable-express/src/handlers/help/lib/send-help.mjs": {"path":"/Users/zane/playground/liquid-labs/pluggable-express/src/handlers/help/lib/send-help.mjs","statementMap":{"0":{"start":{"line":1,"column":0},"end":{"line":1,"column":null}},"1":{"start":{"line":3,"column":0},"end":{"line":3,"column":null}},"2":{"start":{"line":4,"column":0},"end":{"line":4,"column":null}},"3":{"start":{"line":5,"column":0},"end":{"line":5,"column":null}},"4":{"start":{"line":7,"column":22},"end":{"line":7,"column":94}},"5":{"start":{"line":8,"column":26},"end":{"line":8,"column":39}},"6":{"start":{"line":10,"column":17},"end":{"line":32,"column":1}},"7":{"start":{"line":11,"column":27},"end":{"line":11,"column":42}},"8":{"start":{"line":12,"column":2},"end":{"line":12,"column":null}},"9":{"start":{"line":12,"column":34},"end":{"line":12,"column":62}},"10":{"start":{"line":14,"column":15},"end":{"line":29,"column":3}},"11":{"start":{"line":14,"column":40},"end":{"line":29,"column":3}},"12":{"start":{"line":15,"column":4},"end":{"line":28,"column":null}},"13":{"start":{"line":31,"column":2},"end":{"line":31,"column":null}},"14":{"start":{"line":32,"column":1},"end":{"line":32,"column":null}}},"fnMap":{"0":{"name":"(anonymous_0)","decl":{"start":{"line":10,"column":17},"end":{"line":10,"column":18}},"loc":{"start":{"line":10,"column":57},"end":{"line":32,"column":1}}},"1":{"name":"(anonymous_1)","decl":{"start":{"line":12,"column":24},"end":{"line":12,"column":25}},"loc":{"start":{"line":12,"column":34},"end":{"line":12,"column":62}}},"2":{"name":"(anonymous_2)","decl":{"start":{"line":14,"column":15},"end":{"line":14,"column":16}},"loc":{"start":{"line":14,"column":40},"end":{"line":29,"column":3}}},"3":{"name":"(anonymous_3)","decl":{"start":{"line":14,"column":40},"end":{"line":14,"column":41}},"loc":{"start":{"line":14,"column":60},"end":{"line":29,"column":3}}}},"branchMap":{},"s":{"0":4,"1":4,"2":4,"3":4,"4":4,"5":4,"6":4,"7":88,"8":88,"9":160,"10":88,"11":91,"12":0,"13":88,"14":4},"f":{"0":88,"1":160,"2":91,"3":0},"b":{}}
,"/Users/zane/playground/liquid-labs/pluggable-express/src/handlers/server/api.mjs": {"path":"/Users/zane/playground/liquid-labs/pluggable-express/src/handlers/server/api.mjs","statementMap":{"0":{"start":{"line":1,"column":10},"end":{"line":5,"column":1}},"1":{"start":{"line":7,"column":12},"end":{"line":7,"column":20}},"2":{"start":{"line":8,"column":10},"end":{"line":8,"column":30}},"3":{"start":{"line":9,"column":16},"end":{"line":9,"column":21}},"4":{"start":{"line":11,"column":13},"end":{"line":13,"column":1}},"5":{"start":{"line":11,"column":26},"end":{"line":13,"column":1}},"6":{"start":{"line":12,"column":2},"end":{"line":12,"column":null}},"7":{"start":{"line":13,"column":1},"end":{"line":13,"column":null}}},"fnMap":{"0":{"name":"(anonymous_0)","decl":{"start":{"line":11,"column":13},"end":{"line":11,"column":14}},"loc":{"start":{"line":11,"column":26},"end":{"line":13,"column":1}}},"1":{"name":"(anonymous_1)","decl":{"start":{"line":11,"column":26},"end":{"line":11,"column":27}},"loc":{"start":{"line":11,"column":40},"end":{"line":13,"column":1}}}},"branchMap":{},"s":{"0":4,"1":4,"2":4,"3":4,"4":4,"5":7,"6":1,"7":4},"f":{"0":7,"1":1},"b":{}}
,"/Users/zane/playground/liquid-labs/pluggable-express/src/handlers/server/next-commands.mjs": {"path":"/Users/zane/playground/liquid-labs/pluggable-express/src/handlers/server/next-commands.mjs","statementMap":{"0":{"start":{"line":1,"column":0},"end":{"line":1,"column":null}},"1":{"start":{"line":2,"column":0},"end":{"line":2,"column":null}},"2":{"start":{"line":4,"column":10},"end":{"line":8,"column":1}},"3":{"start":{"line":10,"column":12},"end":{"line":10,"column":20}},"4":{"start":{"line":11,"column":10},"end":{"line":11,"column":40}},"5":{"start":{"line":12,"column":16},"end":{"line":16,"column":null}},"6":{"start":{"line":19,"column":18},"end":{"line":19,"column":21}},"7":{"start":{"line":20,"column":18},"end":{"line":20,"column":21}},"8":{"start":{"line":22,"column":13},"end":{"line":167,"column":1}},"9":{"start":{"line":22,"column":33},"end":{"line":167,"column":1}},"10":{"start":{"line":23,"column":2},"end":{"line":166,"column":null}},"11":{"start":{"line":24,"column":19},"end":{"line":24,"column":48}},"12":{"start":{"line":25,"column":30},"end":{"line":25,"column":39}},"13":{"start":{"line":27,"column":40},"end":{"line":27,"column":65}},"14":{"start":{"line":29,"column":19},"end":{"line":29,"column":39}},"15":{"start":{"line":30,"column":23},"end":{"line":30,"column":25}},"16":{"start":{"line":31,"column":25},"end":{"line":31,"column":27}},"17":{"start":{"line":34,"column":23},"end":{"line":34,"column":47}},"18":{"start":{"line":35,"column":23},"end":{"line":35,"column":47}},"19":{"start":{"line":36,"column":4},"end":{"line":45,"column":null}},"20":{"start":{"line":37,"column":6},"end":{"line":37,"column":null}},"21":{"start":{"line":38,"column":6},"end":{"line":38,"column":null}},"22":{"start":{"line":39,"column":6},"end":{"line":39,"column":23}},"23":{"start":{"line":42,"column":6},"end":{"line":42,"column":null}},"24":{"start":{"line":43,"column":6},"end":{"line":43,"column":null}},"25":{"start":{"line":44,"column":6},"end":{"line":44,"column":23}},"26":{"start":{"line":46,"column":4},"end":{"line":48,"column":null}},"27":{"start":{"line":47,"column":6},"end":{"line":47,"column":null}},"28":{"start":{"line":50,"column":32},"end":{"line":50,"column":36}},"29":{"start":{"line":52,"column":4},"end":{"line":106,"column":null}},"30":{"start":{"line":53,"column":6},"end":{"line":53,"column":null}},"31":{"start":{"line":54,"column":25},"end":{"line":54,"column":61}},"32":{"start":{"line":55,"column":6},"end":{"line":55,"column":34}},"33":{"start":{"line":55,"column":29},"end":{"line":55,"column":34}},"34":{"start":{"line":57,"column":6},"end":{"line":57,"column":null}},"35":{"start":{"line":58,"column":6},"end":{"line":105,"column":null}},"36":{"start":{"line":59,"column":8},"end":{"line":59,"column":null}},"37":{"start":{"line":63,"column":39},"end":{"line":63,"column":43}},"38":{"start":{"line":64,"column":8},"end":{"line":89,"column":null}},"39":{"start":{"line":65,"column":10},"end":{"line":88,"column":null}},"40":{"start":{"line":70,"column":12},"end":{"line":70,"column":null}},"41":{"start":{"line":71,"column":28},"end":{"line":71,"column":41}},"42":{"start":{"line":72,"column":12},"end":{"line":72,"column":47}},"43":{"start":{"line":73,"column":34},"end":{"line":73,"column":52}},"44":{"start":{"line":74,"column":53},"end":{"line":74,"column":66}},"45":{"start":{"line":75,"column":28},"end":{"line":75,"column":99}},"46":{"start":{"line":76,"column":12},"end":{"line":76,"column":null}},"47":{"start":{"line":76,"column":33},"end":{"line":76,"column":null}},"48":{"start":{"line":77,"column":12},"end":{"line":77,"column":null}},"49":{"start":{"line":77,"column":39},"end":{"line":77,"column":null}},"50":{"start":{"line":79,"column":12},"end":{"line":87,"column":null}},"51":{"start":{"line":82,"column":14},"end":{"line":82,"column":null}},"52":{"start":{"line":83,"column":14},"end":{"line":83,"column":19}},"53":{"start":{"line":86,"column":14},"end":{"line":86,"column":null}},"54":{"start":{"line":91,"column":8},"end":{"line":104,"column":null}},"55":{"start":{"line":92,"column":10},"end":{"line":103,"column":null}},"56":{"start":{"line":93,"column":12},"end":{"line":93,"column":null}},"57":{"start":{"line":96,"column":12},"end":{"line":101,"column":null}},"58":{"start":{"line":98,"column":14},"end":{"line":98,"column":38}},"59":{"start":{"line":98,"column":38},"end":{"line":98,"column":null}},"60":{"start":{"line":100,"column":14},"end":{"line":100,"column":null}},"61":{"start":{"line":102,"column":12},"end":{"line":102,"column":null}},"62":{"start":{"line":109,"column":4},"end":{"line":157,"column":null}},"63":{"start":{"line":110,"column":6},"end":{"line":110,"column":null}},"64":{"start":{"line":110,"column":78},"end":{"line":110,"column":113}},"65":{"start":{"line":113,"column":25},"end":{"line":113,"column":30}},"66":{"start":{"line":114,"column":6},"end":{"line":136,"column":null}},"67":{"start":{"line":116,"column":10},"end":{"line":116,"column":null}},"68":{"start":{"line":117,"column":10},"end":{"line":132,"column":null}},"69":{"start":{"line":118,"column":34},"end":{"line":118,"column":55}},"70":{"start":{"line":119,"column":39},"end":{"line":119,"column":52}},"71":{"start":{"line":120,"column":24},"end":{"line":120,"column":92}},"72":{"start":{"line":121,"column":12},"end":{"line":121,"column":null}},"73":{"start":{"line":121,"column":29},"end":{"line":121,"column":null}},"74":{"start":{"line":122,"column":12},"end":{"line":122,"column":null}},"75":{"start":{"line":127,"column":15},"end":{"line":132,"column":null}},"76":{"start":{"line":128,"column":12},"end":{"line":128,"column":null}},"77":{"start":{"line":130,"column":15},"end":{"line":132,"column":null}},"78":{"start":{"line":131,"column":12},"end":{"line":131,"column":null}},"79":{"start":{"line":135,"column":10},"end":{"line":135,"column":null}},"80":{"start":{"line":138,"column":6},"end":{"line":138,"column":26}},"81":{"start":{"line":140,"column":22},"end":{"line":140,"column":86}},"82":{"start":{"line":141,"column":6},"end":{"line":156,"column":null}},"83":{"start":{"line":142,"column":8},"end":{"line":152,"column":null}},"84":{"start":{"line":154,"column":11},"end":{"line":156,"column":null}},"85":{"start":{"line":155,"column":8},"end":{"line":155,"column":null}},"86":{"start":{"line":159,"column":4},"end":{"line":164,"column":null}},"87":{"start":{"line":161,"column":6},"end":{"line":161,"column":53}},"88":{"start":{"line":161,"column":53},"end":{"line":161,"column":null}},"89":{"start":{"line":163,"column":6},"end":{"line":163,"column":null}},"90":{"start":{"line":166,"column":14},"end":{"line":166,"column":32}},"91":{"start":{"line":166,"column":32},"end":{"line":166,"column":40}},"92":{"start":{"line":167,"column":1},"end":{"line":167,"column":null}}},"fnMap":{"0":{"name":"(anonymous_0)","decl":{"start":{"line":22,"column":13},"end":{"line":22,"column":14}},"loc":{"start":{"line":22,"column":33},"end":{"line":167,"column":1}}},"1":{"name":"(anonymous_1)","decl":{"start":{"line":22,"column":33},"end":{"line":22,"column":39}},"loc":{"start":{"line":22,"column":52},"end":{"line":167,"column":1}}},"2":{"name":"(anonymous_2)","decl":{"start":{"line":110,"column":72},"end":{"line":110,"column":73}},"loc":{"start":{"line":110,"column":78},"end":{"line":110,"column":113}}},"3":{"name":"(anonymous_3)","decl":{"start":{"line":115,"column":16},"end":{"line":115,"column":22}},"loc":{"start":{"line":115,"column":33},"end":{"line":136,"column":9}}}},"branchMap":{"0":{"loc":{"start":{"line":25,"column":12},"end":{"line":25,"column":26}},"type":"default-arg","locations":[{"start":{"line":25,"column":22},"end":{"line":25,"column":26}}]},"1":{"loc":{"start":{"line":36,"column":4},"end":{"line":45,"column":null}},"type":"if","locations":[{"start":{"line":36,"column":4},"end":{"line":45,"column":null}},{"start":{"line":41,"column":9},"end":{"line":45,"column":null}}]},"2":{"loc":{"start":{"line":36,"column":8},"end":{"line":36,"column":89}},"type":"binary-expr","locations":[{"start":{"line":36,"column":8},"end":{"line":36,"column":39}},{"start":{"line":36,"column":44},"end":{"line":36,"column":61}},{"start":{"line":36,"column":65},"end":{"line":36,"column":89}}]},"3":{"loc":{"start":{"line":46,"column":4},"end":{"line":48,"column":null}},"type":"if","locations":[{"start":{"line":46,"column":4},"end":{"line":48,"column":null}}]},"4":{"loc":{"start":{"line":46,"column":4},"end":{"line":46,"column":53}},"type":"binary-expr","locations":[{"start":{"line":46,"column":4},"end":{"line":46,"column":39}},{"start":{"line":46,"column":37},"end":{"line":46,"column":39}},{"start":{"line":46,"column":8},"end":{"line":46,"column":53}}]},"5":{"loc":{"start":{"line":55,"column":6},"end":{"line":55,"column":34}},"type":"if","locations":[{"start":{"line":55,"column":6},"end":{"line":55,"column":34}}]},"6":{"loc":{"start":{"line":58,"column":6},"end":{"line":105,"column":null}},"type":"if","locations":[{"start":{"line":58,"column":6},"end":{"line":105,"column":null}},{"start":{"line":61,"column":11},"end":{"line":105,"column":null}}]},"7":{"loc":{"start":{"line":65,"column":10},"end":{"line":88,"column":null}},"type":"if","locations":[{"start":{"line":65,"column":10},"end":{"line":88,"column":null}}]},"8":{"loc":{"start":{"line":76,"column":12},"end":{"line":76,"column":null}},"type":"if","locations":[{"start":{"line":76,"column":12},"end":{"line":76,"column":null}}]},"9":{"loc":{"start":{"line":76,"column":12},"end":{"line":76,"column":31}},"type":"binary-expr","locations":[{"start":{"line":76,"column":12},"end":{"line":76,"column":27}},{"start":{"line":76,"column":25},"end":{"line":76,"column":27}},{"start":{"line":76,"column":16},"end":{"line":76,"column":31}}]},"10":{"loc":{"start":{"line":77,"column":12},"end":{"line":77,"column":null}},"type":"if","locations":[{"start":{"line":77,"column":12},"end":{"line":77,"column":null}}]},"11":{"loc":{"start":{"line":77,"column":16},"end":{"line":77,"column":33}},"type":"cond-expr","locations":[{"start":{"line":77,"column":25},"end":{"line":77,"column":27}},{"start":{"line":77,"column":16},"end":{"line":77,"column":33}}]},"12":{"loc":{"start":{"line":77,"column":16},"end":{"line":77,"column":27}},"type":"binary-expr","locations":[{"start":{"line":77,"column":16},"end":{"line":77,"column":27}},{"start":{"line":77,"column":25},"end":{"line":77,"column":27}}]},"13":{"loc":{"start":{"line":79,"column":12},"end":{"line":87,"column":null}},"type":"if","locations":[{"start":{"line":79,"column":12},"end":{"line":87,"column":null}},{"start":{"line":85,"column":17},"end":{"line":87,"column":null}}]},"14":{"loc":{"start":{"line":79,"column":16},"end":{"line":81,"column":52}},"type":"binary-expr","locations":[{"start":{"line":79,"column":16},"end":{"line":79,"column":28}},{"start":{"line":80,"column":19},"end":{"line":80,"column":73}},{"start":{"line":81,"column":19},"end":{"line":81,"column":52}}]},"15":{"loc":{"start":{"line":91,"column":8},"end":{"line":104,"column":null}},"type":"if","locations":[{"start":{"line":91,"column":8},"end":{"line":104,"column":null}}]},"16":{"loc":{"start":{"line":92,"column":10},"end":{"line":103,"column":null}},"type":"if","locations":[{"start":{"line":92,"column":10},"end":{"line":103,"column":null}},{"start":{"line":95,"column":15},"end":{"line":103,"column":null}}]},"17":{"loc":{"start":{"line":96,"column":12},"end":{"line":101,"column":null}},"type":"switch","locations":[{"start":{"line":97,"column":12},"end":{"line":98,"column":null}},{"start":{"line":99,"column":12},"end":{"line":100,"column":null}}]},"18":{"loc":{"start":{"line":109,"column":4},"end":{"line":157,"column":null}},"type":"if","locations":[{"start":{"line":109,"column":4},"end":{"line":157,"column":null}},{"start":{"line":112,"column":9},"end":{"line":157,"column":null}}]},"19":{"loc":{"start":{"line":109,"column":8},"end":{"line":109,"column":72}},"type":"binary-expr","locations":[{"start":{"line":109,"column":8},"end":{"line":109,"column":29}},{"start":{"line":109,"column":33},"end":{"line":109,"column":72}}]},"20":{"loc":{"start":{"line":117,"column":10},"end":{"line":132,"column":null}},"type":"if","locations":[{"start":{"line":117,"column":10},"end":{"line":132,"column":null}},{"start":{"line":127,"column":15},"end":{"line":132,"column":null}}]},"21":{"loc":{"start":{"line":121,"column":12},"end":{"line":121,"column":null}},"type":"if","locations":[{"start":{"line":121,"column":12},"end":{"line":121,"column":null}}]},"22":{"loc":{"start":{"line":121,"column":12},"end":{"line":121,"column":27}},"type":"binary-expr","locations":[{"start":{"line":121,"column":12},"end":{"line":121,"column":23}},{"start":{"line":121,"column":21},"end":{"line":121,"column":23}},{"start":{"line":121,"column":16},"end":{"line":121,"column":27}}]},"23":{"loc":{"start":{"line":127,"column":15},"end":{"line":132,"column":null}},"type":"if","locations":[{"start":{"line":127,"column":15},"end":{"line":132,"column":null}},{"start":{"line":130,"column":15},"end":{"line":132,"column":null}}]},"24":{"loc":{"start":{"line":127,"column":19},"end":{"line":127,"column":49}},"type":"binary-expr","locations":[{"start":{"line":127,"column":19},"end":{"line":127,"column":27}},{"start":{"line":127,"column":31},"end":{"line":127,"column":49}}]},"25":{"loc":{"start":{"line":130,"column":15},"end":{"line":132,"column":null}},"type":"if","locations":[{"start":{"line":130,"column":15},"end":{"line":132,"column":null}}]},"26":{"loc":{"start":{"line":140,"column":22},"end":{"line":140,"column":86}},"type":"cond-expr","locations":[{"start":{"line":140,"column":48},"end":{"line":140,"column":50}},{"start":{"line":140,"column":53},"end":{"line":140,"column":86}}]},"27":{"loc":{"start":{"line":141,"column":6},"end":{"line":156,"column":null}},"type":"if","locations":[{"start":{"line":141,"column":6},"end":{"line":156,"column":null}},{"start":{"line":154,"column":11},"end":{"line":156,"column":null}}]},"28":{"loc":{"start":{"line":154,"column":11},"end":{"line":156,"column":null}},"type":"if","locations":[{"start":{"line":154,"column":11},"end":{"line":156,"column":null}}]},"29":{"loc":{"start":{"line":154,"column":15},"end":{"line":154,"column":65}},"type":"binary-expr","locations":[{"start":{"line":154,"column":15},"end":{"line":154,"column":40}},{"start":{"line":154,"column":44},"end":{"line":154,"column":65}}]},"30":{"loc":{"start":{"line":159,"column":4},"end":{"line":164,"column":null}},"type":"switch","locations":[{"start":{"line":160,"column":4},"end":{"line":161,"column":null}},{"start":{"line":162,"column":4},"end":{"line":163,"column":null}}]}},"s":{"0":4,"1":4,"2":4,"3":4,"4":4,"5":4,"6":4,"7":4,"8":4,"9":7,"10":46,"11":46,"12":46,"13":46,"14":46,"15":46,"16":46,"17":46,"18":46,"19":46,"20":24,"21":24,"22":24,"23":22,"24":22,"25":22,"26":46,"27":7,"28":46,"29":46,"30":108,"31":108,"32":108,"33":0,"34":108,"35":108,"36":102,"37":6,"38":6,"39":26,"40":0,"41":0,"42":0,"43":0,"44":0,"45":0,"46":0,"47":0,"48":0,"49":0,"50":0,"51":0,"52":0,"53":0,"54":6,"55":6,"56":6,"57":0,"58":0,"59":0,"60":0,"61":0,"62":46,"63":6,"64":26,"65":40,"66":40,"67":64,"68":64,"69":4,"70":4,"71":4,"72":4,"73":0,"74":4,"75":60,"76":30,"77":30,"78":30,"79":64,"80":40,"81":40,"82":40,"83":30,"84":10,"85":2,"86":46,"87":0,"88":0,"89":46,"90":0,"91":0,"92":4},"f":{"0":7,"1":46,"2":26,"3":64},"b":{"0":[0],"1":[24,22],"2":[46,22,1],"3":[7],"4":[46,46,44],"5":[0],"6":[102,6],"7":[0],"8":[0],"9":[0,0,0],"10":[0],"11":[0,0],"12":[0,0],"13":[0,0],"14":[0,0,0],"15":[6],"16":[6,0],"17":[0,0],"18":[6,40],"19":[46,6],"20":[4,60],"21":[0],"22":[4,4,4],"23":[30,30],"24":[60,60],"25":[30],"26":[4,36],"27":[30,10],"28":[2],"29":[10,4],"30":[0,46]}}
,"/Users/zane/playground/liquid-labs/pluggable-express/src/handlers/server/reload.mjs": {"path":"/Users/zane/playground/liquid-labs/pluggable-express/src/handlers/server/reload.mjs","statementMap":{"0":{"start":{"line":1,"column":10},"end":{"line":5,"column":1}},"1":{"start":{"line":7,"column":12},"end":{"line":7,"column":20}},"2":{"start":{"line":8,"column":10},"end":{"line":8,"column":33}},"3":{"start":{"line":9,"column":16},"end":{"line":9,"column":21}},"4":{"start":{"line":11,"column":13},"end":{"line":15,"column":1}},"5":{"start":{"line":11,"column":43},"end":{"line":15,"column":1}},"6":{"start":{"line":12,"column":2},"end":{"line":12,"column":null}},"7":{"start":{"line":14,"column":2},"end":{"line":14,"column":null}},"8":{"start":{"line":15,"column":1},"end":{"line":15,"column":null}}},"fnMap":{"0":{"name":"(anonymous_0)","decl":{"start":{"line":11,"column":13},"end":{"line":11,"column":14}},"loc":{"start":{"line":11,"column":43},"end":{"line":15,"column":1}}},"1":{"name":"(anonymous_1)","decl":{"start":{"line":11,"column":43},"end":{"line":11,"column":49}},"loc":{"start":{"line":11,"column":62},"end":{"line":15,"column":1}}}},"branchMap":{},"s":{"0":4,"1":4,"2":4,"3":4,"4":4,"5":7,"6":0,"7":0,"8":4},"f":{"0":7,"1":0},"b":{}}
,"/Users/zane/playground/liquid-labs/pluggable-express/src/handlers/server/stop.mjs": {"path":"/Users/zane/playground/liquid-labs/pluggable-express/src/handlers/server/stop.mjs","statementMap":{"0":{"start":{"line":1,"column":10},"end":{"line":4,"column":1}},"1":{"start":{"line":6,"column":12},"end":{"line":6,"column":23}},"2":{"start":{"line":7,"column":10},"end":{"line":7,"column":32}},"3":{"start":{"line":8,"column":16},"end":{"line":8,"column":21}},"4":{"start":{"line":10,"column":13},"end":{"line":22,"column":1}},"5":{"start":{"line":10,"column":33},"end":{"line":22,"column":1}},"6":{"start":{"line":11,"column":2},"end":{"line":11,"column":null}},"7":{"start":{"line":13,"column":2},"end":{"line":18,"column":null}},"8":{"start":{"line":14,"column":16},"end":{"line":14,"column":39}},"9":{"start":{"line":15,"column":4},"end":{"line":17,"column":null}},"10":{"start":{"line":16,"column":6},"end":{"line":16,"column":null}},"11":{"start":{"line":20,"column":2},"end":{"line":20,"column":null}},"12":{"start":{"line":21,"column":2},"end":{"line":21,"column":null}},"13":{"start":{"line":22,"column":1},"end":{"line":22,"column":null}}},"fnMap":{"0":{"name":"(anonymous_0)","decl":{"start":{"line":10,"column":13},"end":{"line":10,"column":14}},"loc":{"start":{"line":10,"column":33},"end":{"line":22,"column":1}}},"1":{"name":"(anonymous_1)","decl":{"start":{"line":10,"column":33},"end":{"line":10,"column":39}},"loc":{"start":{"line":10,"column":52},"end":{"line":22,"column":1}}}},"branchMap":{"0":{"loc":{"start":{"line":15,"column":4},"end":{"line":17,"column":null}},"type":"if","locations":[{"start":{"line":15,"column":4},"end":{"line":17,"column":null}}]}},"s":{"0":4,"1":4,"2":4,"3":4,"4":4,"5":7,"6":0,"7":0,"8":0,"9":0,"10":0,"11":0,"12":0,"13":4},"f":{"0":7,"1":0},"b":{"0":[0]}}
,"/Users/zane/playground/liquid-labs/pluggable-express/src/handlers/server/version.js": {"path":"/Users/zane/playground/liquid-labs/pluggable-express/src/handlers/server/version.js","statementMap":{"0":{"start":{"line":1,"column":0},"end":{"line":1,"column":null}},"1":{"start":{"line":2,"column":0},"end":{"line":2,"column":null}},"2":{"start":{"line":4,"column":0},"end":{"line":4,"column":68}},"3":{"start":{"line":4,"column":68},"end":{"line":4,"column":null}},"4":{"start":{"line":6,"column":10},"end":{"line":10,"column":1}},"5":{"start":{"line":12,"column":12},"end":{"line":12,"column":20}},"6":{"start":{"line":13,"column":10},"end":{"line":13,"column":34}},"7":{"start":{"line":14,"column":16},"end":{"line":14,"column":21}},"8":{"start":{"line":16,"column":13},"end":{"line":39,"column":1}},"9":{"start":{"line":16,"column":43},"end":{"line":39,"column":1}},"10":{"start":{"line":17,"column":22},"end":{"line":31,"column":3}},"11":{"start":{"line":33,"column":15},"end":{"line":37,"column":1}},"12":{"start":{"line":38,"column":2},"end":{"line":38,"column":null}},"13":{"start":{"line":39,"column":1},"end":{"line":39,"column":null}}},"fnMap":{"0":{"name":"_interopRequireWildcard","decl":{"start":{"line":4,"column":68},"end":{"line":4,"column":null}},"loc":{"start":{"line":4,"column":68},"end":{"line":4,"column":null}}},"1":{"name":"(anonymous_2)","decl":{"start":{"line":16,"column":13},"end":{"line":16,"column":14}},"loc":{"start":{"line":16,"column":43},"end":{"line":39,"column":1}}},"2":{"name":"(anonymous_3)","decl":{"start":{"line":16,"column":43},"end":{"line":16,"column":44}},"loc":{"start":{"line":16,"column":57},"end":{"line":39,"column":1}}}},"branchMap":{"0":{"loc":{"start":{"line":4,"column":68},"end":{"line":4,"column":null}},"type":"if","locations":[{"start":{"line":4,"column":68},"end":{"line":4,"column":null}}]},"1":{"loc":{"start":{"line":4,"column":68},"end":{"line":4,"column":null}},"type":"binary-expr","locations":[{"start":{"line":4,"column":68},"end":{"line":4,"column":null}},{"start":{"line":4,"column":68},"end":{"line":4,"column":null}},{"start":{"line":4,"column":68},"end":{"line":4,"column":null}}]},"2":{"loc":{"start":{"line":4,"column":68},"end":{"line":4,"column":null}},"type":"cond-expr","locations":[{"start":{"line":4,"column":68},"end":{"line":4,"column":null}},{"start":{"line":4,"column":68},"end":{"line":4,"column":null}}]}},"s":{"0":4,"1":4,"2":4,"3":140,"4":4,"5":4,"6":4,"7":4,"8":4,"9":7,"10":3,"11":3,"12":3,"13":4},"f":{"0":8,"1":7,"2":3},"b":{"0":[8],"1":[192,192,188],"2":[92,188]}}
,"/Users/zane/playground/liquid-labs/pluggable-express/src/handlers/server/_lib/next-options.mjs": {"path":"/Users/zane/playground/liquid-labs/pluggable-express/src/handlers/server/_lib/next-options.mjs","statementMap":{"0":{"start":{"line":1,"column":0},"end":{"line":1,"column":null}},"1":{"start":{"line":3,"column":31},"end":{"line":35,"column":1}},"2":{"start":{"line":13,"column":18},"end":{"line":13,"column":85}},"3":{"start":{"line":15,"column":2},"end":{"line":15,"column":null}},"4":{"start":{"line":15,"column":29},"end":{"line":15,"column":null}},"5":{"start":{"line":16,"column":23},"end":{"line":16,"column":92}},"6":{"start":{"line":17,"column":2},"end":{"line":17,"column":null}},"7":{"start":{"line":17,"column":27},"end":{"line":17,"column":null}},"8":{"start":{"line":22,"column":2},"end":{"line":29,"column":null}},"9":{"start":{"line":22,"column":48},"end":{"line":22,"column":null}},"10":{"start":{"line":23,"column":7},"end":{"line":29,"column":null}},"11":{"start":{"line":24,"column":4},"end":{"line":24,"column":null}},"12":{"start":{"line":27,"column":25},"end":{"line":27,"column":72}},"13":{"start":{"line":28,"column":4},"end":{"line":28,"column":null}},"14":{"start":{"line":28,"column":40},"end":{"line":28,"column":66}},"15":{"start":{"line":37,"column":25},"end":{"line":47,"column":1}},"16":{"start":{"line":38,"column":18},"end":{"line":38,"column":20}},"17":{"start":{"line":39,"column":2},"end":{"line":44,"column":null}},"18":{"start":{"line":39,"column":26},"end":{"line":39,"column":null}},"19":{"start":{"line":40,"column":7},"end":{"line":44,"column":null}},"20":{"start":{"line":41,"column":4},"end":{"line":41,"column":null}},"21":{"start":{"line":42,"column":4},"end":{"line":42,"column":null}},"22":{"start":{"line":44,"column":7},"end":{"line":44,"column":null}},"23":{"start":{"line":46,"column":2},"end":{"line":46,"column":null}},"24":{"start":{"line":49,"column":24},"end":{"line":91,"column":1}},"25":{"start":{"line":51,"column":23},"end":{"line":51,"column":60}},"26":{"start":{"line":51,"column":55},"end":{"line":51,"column":59}},"27":{"start":{"line":52,"column":25},"end":{"line":52,"column":54}},"28":{"start":{"line":52,"column":47},"end":{"line":52,"column":53}},"29":{"start":{"line":54,"column":18},"end":{"line":54,"column":20}},"30":{"start":{"line":57,"column":19},"end":{"line":59,"column":83}},"31":{"start":{"line":60,"column":2},"end":{"line":88,"column":null}},"32":{"start":{"line":61,"column":25},"end":{"line":61,"column":80}},"33":{"start":{"line":61,"column":54},"end":{"line":61,"column":79}},"34":{"start":{"line":62,"column":23},"end":{"line":68,"column":10}},"35":{"start":{"line":63,"column":20},"end":{"line":63,"column":69}},"36":{"start":{"line":63,"column":46},"end":{"line":63,"column":58}},"37":{"start":{"line":64,"column":6},"end":{"line":66,"column":null}},"38":{"start":{"line":65,"column":8},"end":{"line":65,"column":null}},"39":{"start":{"line":67,"column":6},"end":{"line":67,"column":null}},"40":{"start":{"line":70,"column":4},"end":{"line":74,"column":null}},"41":{"start":{"line":71,"column":6},"end":{"line":73,"column":null}},"42":{"start":{"line":72,"column":8},"end":{"line":72,"column":null}},"43":{"start":{"line":72,"column":77},"end":{"line":72,"column":92}},"44":{"start":{"line":77,"column":4},"end":{"line":87,"column":null}},"45":{"start":{"line":78,"column":6},"end":{"line":78,"column":null}},"46":{"start":{"line":81,"column":30},"end":{"line":81,"column":88}},"47":{"start":{"line":81,"column":59},"end":{"line":81,"column":87}},"48":{"start":{"line":82,"column":6},"end":{"line":86,"column":null}},"49":{"start":{"line":83,"column":25},"end":{"line":83,"column":71}},"50":{"start":{"line":83,"column":48},"end":{"line":83,"column":70}},"51":{"start":{"line":85,"column":8},"end":{"line":85,"column":null}},"52":{"start":{"line":90,"column":2},"end":{"line":90,"column":null}},"53":{"start":{"line":93,"column":20},"end":{"line":149,"column":1}},"54":{"start":{"line":105,"column":2},"end":{"line":146,"column":null}},"55":{"start":{"line":106,"column":4},"end":{"line":107,"column":null}},"56":{"start":{"line":106,"column":31},"end":{"line":106,"column":63}},"57":{"start":{"line":107,"column":9},"end":{"line":107,"column":null}},"58":{"start":{"line":109,"column":7},"end":{"line":146,"column":null}},"59":{"start":{"line":110,"column":4},"end":{"line":110,"column":null}},"60":{"start":{"line":114,"column":33},"end":{"line":114,"column":63}},"61":{"start":{"line":115,"column":27},"end":{"line":117,"column":64}},"62":{"start":{"line":118,"column":31},"end":{"line":118,"column":80}},"63":{"start":{"line":118,"column":54},"end":{"line":118,"column":79}},"64":{"start":{"line":119,"column":28},"end":{"line":119,"column":null}},"65":{"start":{"line":121,"column":4},"end":{"line":145,"column":null}},"66":{"start":{"line":122,"column":6},"end":{"line":122,"column":null}},"67":{"start":{"line":125,"column":9},"end":{"line":145,"column":null}},"68":{"start":{"line":126,"column":6},"end":{"line":135,"column":null}},"69":{"start":{"line":138,"column":6},"end":{"line":144,"column":null}},"70":{"start":{"line":148,"column":2},"end":{"line":148,"column":null}},"71":{"start":{"line":149,"column":1},"end":{"line":149,"column":null}}},"fnMap":{"0":{"name":"(anonymous_0)","decl":{"start":{"line":3,"column":31},"end":{"line":3,"column":37}},"loc":{"start":{"line":12,"column":6},"end":{"line":35,"column":1}}},"1":{"name":"(anonymous_1)","decl":{"start":{"line":28,"column":34},"end":{"line":28,"column":35}},"loc":{"start":{"line":28,"column":40},"end":{"line":28,"column":66}}},"2":{"name":"(anonymous_2)","decl":{"start":{"line":37,"column":25},"end":{"line":37,"column":26}},"loc":{"start":{"line":37,"column":43},"end":{"line":47,"column":1}}},"3":{"name":"(anonymous_3)","decl":{"start":{"line":49,"column":24},"end":{"line":49,"column":25}},"loc":{"start":{"line":49,"column":111},"end":{"line":91,"column":1}}},"4":{"name":"(anonymous_4)","decl":{"start":{"line":51,"column":49},"end":{"line":51,"column":50}},"loc":{"start":{"line":51,"column":55},"end":{"line":51,"column":59}}},"5":{"name":"(anonymous_5)","decl":{"start":{"line":52,"column":41},"end":{"line":52,"column":42}},"loc":{"start":{"line":52,"column":47},"end":{"line":52,"column":53}}},"6":{"name":"(anonymous_6)","decl":{"start":{"line":61,"column":48},"end":{"line":61,"column":49}},"loc":{"start":{"line":61,"column":54},"end":{"line":61,"column":79}}},"7":{"name":"(anonymous_7)","decl":{"start":{"line":62,"column":43},"end":{"line":62,"column":44}},"loc":{"start":{"line":62,"column":55},"end":{"line":68,"column":5}}},"8":{"name":"(anonymous_8)","decl":{"start":{"line":63,"column":40},"end":{"line":63,"column":41}},"loc":{"start":{"line":63,"column":46},"end":{"line":63,"column":58}}},"9":{"name":"(anonymous_9)","decl":{"start":{"line":72,"column":71},"end":{"line":72,"column":72}},"loc":{"start":{"line":72,"column":77},"end":{"line":72,"column":92}}},"10":{"name":"(anonymous_10)","decl":{"start":{"line":81,"column":53},"end":{"line":81,"column":54}},"loc":{"start":{"line":81,"column":59},"end":{"line":81,"column":87}}},"11":{"name":"(anonymous_11)","decl":{"start":{"line":83,"column":42},"end":{"line":83,"column":43}},"loc":{"start":{"line":83,"column":48},"end":{"line":83,"column":70}}},"12":{"name":"(anonymous_12)","decl":{"start":{"line":93,"column":20},"end":{"line":93,"column":26}},"loc":{"start":{"line":104,"column":6},"end":{"line":149,"column":1}}},"13":{"name":"(anonymous_13)","decl":{"start":{"line":118,"column":48},"end":{"line":118,"column":49}},"loc":{"start":{"line":118,"column":54},"end":{"line":118,"column":79}}}},"branchMap":{"0":{"loc":{"start":{"line":13,"column":18},"end":{"line":13,"column":85}},"type":"binary-expr","locations":[{"start":{"line":13,"column":18},"end":{"line":13,"column":48}},{"start":{"line":13,"column":52},"end":{"line":13,"column":85}}]},"1":{"loc":{"start":{"line":15,"column":2},"end":{"line":15,"column":null}},"type":"if","locations":[{"start":{"line":15,"column":2},"end":{"line":15,"column":null}}]},"2":{"loc":{"start":{"line":17,"column":2},"end":{"line":17,"column":null}},"type":"if","locations":[{"start":{"line":17,"column":2},"end":{"line":17,"column":null}}]},"3":{"loc":{"start":{"line":22,"column":2},"end":{"line":29,"column":null}},"type":"if","locations":[{"start":{"line":22,"column":2},"end":{"line":29,"column":null}},{"start":{"line":23,"column":7},"end":{"line":29,"column":null}}]},"4":{"loc":{"start":{"line":23,"column":7},"end":{"line":29,"column":null}},"type":"if","locations":[{"start":{"line":23,"column":7},"end":{"line":29,"column":null}},{"start":{"line":26,"column":7},"end":{"line":29,"column":null}}]},"5":{"loc":{"start":{"line":39,"column":2},"end":{"line":44,"column":null}},"type":"if","locations":[{"start":{"line":39,"column":2},"end":{"line":44,"column":null}},{"start":{"line":40,"column":7},"end":{"line":44,"column":null}}]},"6":{"loc":{"start":{"line":40,"column":7},"end":{"line":44,"column":null}},"type":"if","locations":[{"start":{"line":40,"column":7},"end":{"line":44,"column":null}},{"start":{"line":44,"column":7},"end":{"line":44,"column":null}}]},"7":{"loc":{"start":{"line":57,"column":19},"end":{"line":59,"column":83}},"type":"binary-expr","locations":[{"start":{"line":57,"column":19},"end":{"line":57,"column":40}},{"start":{"line":59,"column":8},"end":{"line":59,"column":40}},{"start":{"line":59,"column":44},"end":{"line":59,"column":83}}]},"8":{"loc":{"start":{"line":59,"column":44},"end":{"line":59,"column":73}},"type":"cond-expr","locations":[{"start":{"line":59,"column":62},"end":{"line":59,"column":64}},{"start":{"line":59,"column":44},"end":{"line":59,"column":73}}]},"9":{"loc":{"start":{"line":59,"column":44},"end":{"line":59,"column":64}},"type":"binary-expr","locations":[{"start":{"line":59,"column":44},"end":{"line":59,"column":64}},{"start":{"line":59,"column":44},"end":{"line":59,"column":64}}]},"10":{"loc":{"start":{"line":60,"column":2},"end":{"line":88,"column":null}},"type":"if","locations":[{"start":{"line":60,"column":2},"end":{"line":88,"column":null}},{"start":{"line":76,"column":7},"end":{"line":88,"column":null}}]},"11":{"loc":{"start":{"line":63,"column":20},"end":{"line":63,"column":69}},"type":"cond-expr","locations":[{"start":{"line":63,"column":59},"end":{"line":63,"column":61}},{"start":{"line":63,"column":23},"end":{"line":63,"column":69}}]},"12":{"loc":{"start":{"line":63,"column":20},"end":{"line":63,"column":61}},"type":"binary-expr","locations":[{"start":{"line":63,"column":20},"end":{"line":63,"column":61}},{"start":{"line":63,"column":59},"end":{"line":63,"column":61}}]},"13":{"loc":{"start":{"line":64,"column":6},"end":{"line":66,"column":null}},"type":"if","locations":[{"start":{"line":64,"column":6},"end":{"line":66,"column":null}}]},"14":{"loc":{"start":{"line":71,"column":6},"end":{"line":73,"column":null}},"type":"if","locations":[{"start":{"line":71,"column":6},"end":{"line":73,"column":null}}]},"15":{"loc":{"start":{"line":77,"column":4},"end":{"line":87,"column":null}},"type":"if","locations":[{"start":{"line":77,"column":4},"end":{"line":87,"column":null}},{"start":{"line":80,"column":9},"end":{"line":87,"column":null}}]},"16":{"loc":{"start":{"line":105,"column":2},"end":{"line":146,"column":null}},"type":"if","locations":[{"start":{"line":105,"column":2},"end":{"line":146,"column":null}},{"start":{"line":109,"column":7},"end":{"line":146,"column":null}}]},"17":{"loc":{"start":{"line":106,"column":
[...]
ne":280,"column":32},"end":{"line":287,"column":9}},"150":{"start":{"line":288,"column":8},"end":{"line":288,"column":null}},"151":{"start":{"line":289,"column":8},"end":{"line":289,"column":null}},"152":{"start":{"line":293,"column":1},"end":{"line":293,"column":null}}},"fnMap":{"0":{"name":"(anonymous_0)","decl":{"start":{"line":17,"column":20},"end":{"line":17,"column":21}},"loc":{"start":{"line":17,"column":37},"end":{"line":27,"column":1}}},"1":{"name":"(anonymous_1)","decl":{"start":{"line":32,"column":22},"end":{"line":32,"column":23}},"loc":{"start":{"line":32,"column":53},"end":{"line":98,"column":1}}},"2":{"name":"(anonymous_2)","decl":{"start":{"line":32,"column":53},"end":{"line":32,"column":54}},"loc":{"start":{"line":32,"column":73},"end":{"line":98,"column":1}}},"3":{"name":"(anonymous_3)","decl":{"start":{"line":51,"column":19},"end":{"line":51,"column":20}},"loc":{"start":{"line":51,"column":34},"end":{"line":51,"column":55}}},"4":{"name":"(anonymous_4)","decl":{"start":{"line":62,"column":51},"end":{"line":62,"column":52}},"loc":{"start":{"line":62,"column":56},"end":{"line":62,"column":62}}},"5":{"name":"(anonymous_5)","decl":{"start":{"line":82,"column":21},"end":{"line":82,"column":22}},"loc":{"start":{"line":82,"column":27},"end":{"line":82,"column":49}}},"6":{"name":"(anonymous_6)","decl":{"start":{"line":83,"column":21},"end":{"line":83,"column":22}},"loc":{"start":{"line":83,"column":27},"end":{"line":83,"column":48}}},"7":{"name":"(anonymous_7)","decl":{"start":{"line":100,"column":27},"end":{"line":100,"column":28}},"loc":{"start":{"line":100,"column":68},"end":{"line":138,"column":1}}},"8":{"name":"(anonymous_8)","decl":{"start":{"line":135,"column":25},"end":{"line":135,"column":31}},"loc":{"start":{"line":135,"column":31},"end":{"line":135,"column":41}}},"9":{"name":"(anonymous_9)","decl":{"start":{"line":143,"column":27},"end":{"line":143,"column":33}},"loc":{"start":{"line":143,"column":38},"end":{"line":143,"column":113}}},"10":{"name":"(anonymous_10)","decl":{"start":{"line":145,"column":25},"end":{"line":145,"column":26}},"loc":{"start":{"line":145,"column":92},"end":{"line":293,"column":1}}},"11":{"name":"(anonymous_11)","decl":{"start":{"line":151,"column":25},"end":{"line":151,"column":26}},"loc":{"start":{"line":151,"column":31},"end":{"line":151,"column":95}}},"12":{"name":"(anonymous_12)","decl":{"start":{"line":208,"column":54},"end":{"line":208,"column":55}},"loc":{"start":{"line":208,"column":60},"end":{"line":208,"column":80}}},"13":{"name":"(anonymous_13)","decl":{"start":{"line":230,"column":36},"end":{"line":230,"column":37}},"loc":{"start":{"line":230,"column":46},"end":{"line":239,"column":9}}},"14":{"name":"(anonymous_14)","decl":{"start":{"line":272,"column":47},"end":{"line":272,"column":48}},"loc":{"start":{"line":272,"column":53},"end":{"line":272,"column":99}}}},"branchMap":{"0":{"loc":{"start":{"line":18,"column":2},"end":{"line":26,"column":null}},"type":"if","locations":[{"start":{"line":18,"column":2},"end":{"line":26,"column":null}},{"start":{"line":21,"column":7},"end":{"line":26,"column":null}}]},"1":{"loc":{"start":{"line":21,"column":7},"end":{"line":26,"column":null}},"type":"if","locations":[{"start":{"line":21,"column":7},"end":{"line":26,"column":null}},{"start":{"line":24,"column":7},"end":{"line":26,"column":null}}]},"2":{"loc":{"start":{"line":32,"column":25},"end":{"line":32,"column":40}},"type":"default-arg","locations":[{"start":{"line":32,"column":38},"end":{"line":32,"column":40}}]},"3":{"loc":{"start":{"line":42,"column":2},"end":{"line":52,"column":null}},"type":"if","locations":[{"start":{"line":42,"column":2},"end":{"line":52,"column":null}}]},"4":{"loc":{"start":{"line":45,"column":6},"end":{"line":48,"column":null}},"type":"if","locations":[{"start":{"line":45,"column":6},"end":{"line":48,"column":null}}]},"5":{"loc":{"start":{"line":56,"column":17},"end":{"line":58,"column":15}},"type":"cond-expr","locations":[{"start":{"line":57,"column":6},"end":{"line":57,"column":14}},{"start":{"line":58,"column":6},"end":{"line":58,"column":15}}]},"6":{"loc":{"start":{"line":59,"column":2},"end":{"line":59,"column":null}},"type":"if","locations":[{"start":{"line":59,"column":2},"end":{"line":59,"column":null}}]},"7":{"loc":{"start":{"line":62,"column":22},"end":{"line":62,"column":63}},"type":"binary-expr","locations":[{"start":{"line":62,"column":22},"end":{"line":62,"column":32}},{"start":{"line":62,"column":36},"end":{"line":62,"column":63}}]},"8":{"loc":{"start":{"line":64,"column":2},"end":{"line":66,"column":null}},"type":"if","locations":[{"start":{"line":64,"column":2},"end":{"line":66,"column":null}}]},"9":{"loc":{"start":{"line":71,"column":4},"end":{"line":71,"column":null}},"type":"if","locations":[{"start":{"line":71,"column":4},"end":{"line":71,"column":null}}]},"10":{"loc":{"start":{"line":73,"column":4},"end":{"line":73,"column":null}},"type":"if","locations":[{"start":{"line":73,"column":4},"end":{"line":73,"column":null}}]},"11":{"loc":{"start":{"line":73,"column":8},"end":{"line":73,"column":58}},"type":"binary-expr","locations":[{"start":{"line":73,"column":8},"end":{"line":73,"column":31}},{"start":{"line":73,"column":35},"end":{"line":73,"column":58}}]},"12":{"loc":{"start":{"line":75,"column":4},"end":{"line":92,"column":null}},"type":"if","locations":[{"start":{"line":75,"column":4},"end":{"line":92,"column":null}},{"start":{"line":85,"column":9},"end":{"line":92,"column":null}}]},"13":{"loc":{"start":{"line":78,"column":6},"end":{"line":80,"column":null}},"type":"if","locations":[{"start":{"line":78,"column":6},"end":{"line":80,"column":null}}]},"14":{"loc":{"start":{"line":81,"column":14},"end":{"line":83,"column":49}},"type":"cond-expr","locations":[{"start":{"line":82,"column":10},"end":{"line":82,"column":50}},{"start":{"line":83,"column":10},"end":{"line":83,"column":49}}]},"15":{"loc":{"start":{"line":85,"column":9},"end":{"line":92,"column":null}},"type":"if","locations":[{"start":{"line":85,"column":9},"end":{"line":92,"column":null}},{"start":{"line":88,"column":9},"end":{"line":92,"column":null}}]},"16":{"loc":{"start":{"line":89,"column":14},"end":{"line":91,"column":35}},"type":"cond-expr","locations":[{"start":{"line":90,"column":10},"end":{"line":90,"column":36}},{"start":{"line":91,"column":10},"end":{"line":91,"column":35}}]},"17":{"loc":{"start":{"line":105,"column":4},"end":{"line":114,"column":null}},"type":"if","locations":[{"start":{"line":105,"column":4},"end":{"line":114,"column":null}},{"start":{"line":108,"column":9},"end":{"line":114,"column":null}}]},"18":{"loc":{"start":{"line":108,"column":9},"end":{"line":114,"column":null}},"type":"if","locations":[{"start":{"line":108,"column":9},"end":{"line":114,"column":null}},{"start":{"line":112,"column":9},"end":{"line":114,"column":null}}]},"19":{"loc":{"start":{"line":123,"column":4},"end":{"line":125,"column":null}},"type":"if","locations":[{"start":{"line":123,"column":4},"end":{"line":125,"column":null}}]},"20":{"loc":{"start":{"line":129,"column":2},"end":{"line":131,"column":null}},"type":"if","locations":[{"start":{"line":129,"column":2},"end":{"line":131,"column":null}}]},"21":{"loc":{"start":{"line":148,"column":18},"end":{"line":148,"column":42}},"type":"binary-expr","locations":[{"start":{"line":148,"column":18},"end":{"line":148,"column":31}},{"start":{"line":148,"column":35},"end":{"line":148,"column":42}}]},"22":{"loc":{"start":{"line":150,"column":4},"end":{"line":154,"column":null}},"type":"if","locations":[{"start":{"line":150,"column":4},"end":{"line":154,"column":null}}]},"23":{"loc":{"start":{"line":150,"column":8},"end":{"line":151,"column":96}},"type":"binary-expr","locations":[{"start":{"line":150,"column":8},"end":{"line":150,"column":37}},{"start":{"line":151,"column":13},"end":{"line":151,"column":96}}]},"24":{"loc":{"start":{"line":151,"column":31},"end":{"line":151,"column":95}},"type":"binary-expr","locations":[{"start":{"line":151,"column":31},"end":{"line":151,"column":48}},{"start":{"line":151,"column":52},"end":{"line":151,"column":70}},{"start":{"line":151,"column":74},"end":{"line":151,"column":95}}]},"25":{"loc":{"start":{"line":156,"column":4},"end":{"line":158,"column":null}},"type":"if","locations":[{"start":{"line":156,"column":4},"end":{"line":158,"column":null}}]},"26":{"loc":{"start":{"line":156,"column":9},"end":{"line":156,"column":106}},"type":"binary-expr","locations":[{"start":{"line":156,"column":9},"end":{"line":156,"column":28}},{"start":{"line":156,"column":32},"end":{"line":156,"column":59}},{"start":{"line":156,"column":64},"end":{"line":156,"column":84}},{"start":{"line":156,"column":88},"end":{"line":156,"column":106}}]},"27":{"loc":{"start":{"line":159,"column":4},"end":{"line":161,"column":null}},"type":"if","locations":[{"start":{"line":159,"column":4},"end":{"line":161,"column":null}}]},"28":{"loc":{"start":{"line":159,"column":8},"end":{"line":159,"column":58}},"type":"binary-expr","locations":[{"start":{"line":159,"column":8},"end":{"line":159,"column":27}},{"start":{"line":159,"column":31},"end":{"line":159,"column":58}}]},"29":{"loc":{"start":{"line":169,"column":6},"end":{"line":171,"column":null}},"type":"if","locations":[{"start":{"line":169,"column":6},"end":{"line":171,"column":null}}]},"30":{"loc":{"start":{"line":173,"column":27},"end":{"line":177,"column":35}},"type":"cond-expr","locations":[{"start":{"line":174,"column":10},"end":{"line":174,"column":14}},{"start":{"line":175,"column":10},"end":{"line":177,"column":35}}]},"31":{"loc":{"start":{"line":175,"column":10},"end":{"line":177,"column":35}},"type":"cond-expr","locations":[{"start":{"line":176,"column":12},"end":{"line":176,"column":93}},{"start":{"line":177,"column":12},"end":{"line":177,"column":35}}]},"32":{"loc":{"start":{"line":191,"column":6},"end":{"line":194,"column":null}},"type":"if","locations":[{"start":{"line":191,"column":6},"end":{"line":194,"column":null}}]},"33":{"loc":{"start":{"line":196,"column":6},"end":{"line":226,"column":null}},"type":"if","locations":[{"start":{"line":196,"column":6},"end":{"line":226,"column":null}}]},"34":{"loc":{"start":{"line":200,"column":27},"end":{"line":202,"column":51}},"type":"cond-expr","locations":[{"start":{"line":201,"column":12},"end":{"line":201,"column":39}},{"start":{"line":202,"column":12},"end":{"line":202,"column":51}}]},"35":{"loc":{"start":{"line":204,"column":32},"end":{"line":204,"column":48}},"type":"binary-expr","locations":[{"start":{"line":204,"column":32},"end":{"line":204,"column":42}},{"start":{"line":204,"column":46},"end":{"line":204,"column":48}}]},"36":{"loc":{"start":{"line":205,"column":28},"end":{"line":207,"column":36}},"type":"cond-expr","locations":[{"start":{"line":206,"column":14},"end":{"line":206,"column":36}},{"start":{"line":207,"column":14},"end":{"line":207,"column":36}}]},"37":{"loc":{"start":{"line":209,"column":10},"end":{"line":212,"column":null}},"type":"if","locations":[{"start":{"line":209,"column":10},"end":{"line":212,"column":null}}]},"38":{"loc":{"start":{"line":221,"column":10},"end":{"line":223,"column":null}},"type":"if","locations":[{"start":{"line":221,"column":10},"end":{"line":223,"column":null}}]},"39":{"loc":{"start":{"line":221,"column":14},"end":{"line":221,"column":77}},"type":"binary-expr","locations":[{"start":{"line":221,"column":14},"end":{"line":221,"column":43}},{"start":{"line":221,"column":47},"end":{"line":221,"column":77}}]},"40":{"loc":{"start":{"line":229,"column":6},"end":{"line":240,"column":null}},"type":"if","locations":[{"start":{"line":229,"column":6},"end":{"line":240,"column":null}}]},"41":{"loc":{"start":{"line":231,"column":10},"end":{"line":238,"column":null}},"type":"if","locations":[{"start":{"line":231,"column":10},"end":{"line":238,"column":null}},{"start":{"line":234,"column":15},"end":{"line":238,"column":null}}]},"42":{"loc":{"start":{"line":231,"column":14},"end":{"line":231,"column":53}},"type":"binary-expr","locations":[{"start":{"line":231,"column":14},"end":{"line":231,"column":31}},{"start":{"line":231,"column":35},"end":{"line":231,"column":53}}]},"43":{"loc":{"start":{"line":234,"column":15},"end":{"line":238,"column":null}},"type":"if","locations":[{"start":{"line":234,"column":15},"end":{"line":238,"column":null}},{"start":{"line":237,"column":15},"end":{"line":238,"column":null}}]},"44":{"loc":{"start":{"line":234,"column":19},"end":{"line":234,"column":58}},"type":"binary-expr","locations":[{"start":{"line":234,"column":19},"end":{"line":234,"column":36}},{"start":{"line":234,"column":40},"end":{"line":234,"column":58}}]},"45":{"loc":{"start":{"line":237,"column":15},"end":{"line":238,"column":null}},"type":"if","locations":[{"start":{"line":237,"column":15},"end":{"line":238,"column":null}},{"start":{"line":238,"column":47},"end":{"line":238,"column":null}}]},"46":{"loc":{"start":{"line":237,"column":59},"end":{"line":237,"column":91}},"type":"cond-expr","locations":[{"start":{"line":237,"column":85},"end":{"line":237,"column":86}},{"start":{"line":237,"column":89},"end":{"line":237,"column":91}}]},"47":{"loc":{"start":{"line":248,"column":30},"end":{"line":250,"column":48}},"type":"cond-expr","locations":[{"start":{"line":249,"column":12},"end":{"line":249,"column":62}},{"start":{"line":250,"column":12},"end":{"line":250,"column":48}}]},"48":{"loc":{"start":{"line":262,"column":6},"end":{"line":290,"column":7}},"type":"if","locations":[{"start":{"line":262,"column":6},"end":{"line":290,"column":7}}]},"49":{"loc":{"start":{"line":263,"column":8},"end":{"line":265,"column":null}},"type":"if","locations":[{"start":{"line":263,"column":8},"end":{"line":265,"column":null}}]},"50":{"loc":{"start":{"line":272,"column":53},"end":{"line":272,"column":99}},"type":"cond-expr","locations":[{"start":{"line":272,"column":73},"end":{"line":272,"column":95}},{"start":{"line":272,"column":98},"end":{"line":272,"column":99}}]}},"s":{"0":4,"1":4,"2":4,"3":4,"4":4,"5":4,"6":4,"7":4,"8":4,"9":4,"10":4,"11":4,"12":4,"13":0,"14":0,"15":0,"16":0,"17":0,"18":4,"19":178,"20":53,"21":53,"22":0,"23":53,"24":50,"25":50,"26":100,"27":0,"28":0,"29":50,"30":0,"31":53,"32":53,"33":53,"34":0,"35":53,"36":46,"37":53,"38":53,"39":0,"40":53,"41":46,"42":46,"43":0,"44":46,"45":0,"46":46,"47":0,"48":0,"49":0,"50":0,"51":0,"52":46,"53":0,"54":46,"55":46,"56":53,"57":4,"58":175,"59":175,"60":539,"61":21,"62":518,"63":28,"64":28,"65":490,"66":175,"67":175,"68":175,"69":539,"70":245,"71":539,"72":175,"73":0,"74":175,"75":30,"76":175,"77":4,"78":175,"79":4,"80":10,"81":94,"82":94,"83":94,"84":0,"85":0,"86":94,"87":0,"88":94,"89":0,"90":94,"91":94,"92":94,"93":94,"94":3,"95":94,"96":94,"97":94,"98":94,"99":94,"100":3,"101":3,"102":94,"103":44,"104":44,"105":44,"106":0,"107":0,"108":0,"109":0,"110":0,"111":0,"112":0,"113":0,"114":0,"115":0,"116":0,"117":44,"118":32,"119":32,"120":32,"121":94,"122":47,"123":32,"124":0,"125":32,"126":0,"127":32,"128":0,"129":32,"130":94,"131":94,"132":94,"133":94,"134":0,"135":0,"136":94,"137":94,"138":94,"139":94,"140":84,"141":0,"142":84,"143":84,"144":84,"145":308,"146":84,"147":84,"148":84,"149":84,"150":84,"151":84,"152":4},"f":{"0":0,"1":178,"2":53,"3":0,"4":46,"5":0,"6":0,"7":175,"8":30,"9":175,"10":10,"11":0,"12":0,"13":32,"14":308},"b":{"0":[0,0],"1":[0,0],"2":[3],"3":[50],"4":[0],"5":[0,53],"6":[0],"7":[53,53],"8":[0],"9":[0],"10":[0],"11":[46,0],"12":[0,46],"13":[0],"14":[0,0],"15":[0,46],"16":[0,46],"17":[21,518],"18":[28,490],"19":[245],"20":[0],"21":[94,94],"22":[0],"23":[94,0],"24":[0,0,0],"25":[0],"26":[94,0,94,94],"27":[0],"28":[94,94],"29":[3],"30":[3,91],"31":[91,0],"32":[3],"33":[44],"34":[0,44],"35":[44,44],"36":[0,0],"37":[0],"38":[32],"39":[32,32],"40":[47],"41":[0,32],"42":[32,0],"43":[0,32],"44":[32,0],"45":[0,32],"46":[0,0],"47":[3,91],"48":[84],"49":[0],"50":[21,287]}}
,"/Users/zane/playground/liquid-labs/pluggable-express/src/lib/reporter.js": {"path":"/Users/zane/playground/liquid-labs/pluggable-express/src/lib/reporter.js","statementMap":{"0":{"start":{"line":3,"column":26},"end":{"line":9,"column":null}},"1":{"start":{"line":12,"column":14},"end":{"line":48,"column":null}},"2":{"start":{"line":16,"column":54},"end":{"line":16,"column":null}},"3":{"start":{"line":17,"column":4},"end":{"line":17,"column":null}},"4":{"start":{"line":18,"column":4},"end":{"line":18,"column":null}},"5":{"start":{"line":20,"column":4},"end":{"line":20,"column":null}},"6":{"start":{"line":22,"column":4},"end":{"line":29,"column":null}},"7":{"start":{"line":23,"column":6},"end":{"line":28,"column":null}},"8":{"start":{"line":24,"column":8},"end":{"line":24,"column":null}},"9":{"start":{"line":24,"column":40},"end":{"line":24,"column":null}},"10":{"start":{"line":27,"column":8},"end":{"line":27,"column":null}},"11":{"start":{"line":33,"column":4},"end":{"line":33,"column":null}},"12":{"start":{"line":37,"column":4},"end":{"line":37,"column":null}},"13":{"start":{"line":41,"column":4},"end":{"line":41,"column":null}},"14":{"start":{"line":42,"column":4},"end":{"line":42,"column":null}},"15":{"start":{"line":42,"column":24},"end":{"line":42,"column":null}},"16":{"start":{"line":45,"column":21},"end":{"line":45,"column":50}},"17":{"start":{"line":47,"column":12},"end":{"line":47,"column":34}}},"fnMap":{"0":{"name":"(anonymous_0)","decl":{"start":{"line":16,"column":2},"end":{"line":16,"column":13}},"loc":{"start":{"line":16,"column":54},"end":{"line":30,"column":null}}},"1":{"name":"(anonymous_1)","decl":{"start":{"line":23,"column":25},"end":{"line":23,"column":26}},"loc":{"start":{"line":23,"column":38},"end":{"line":28,"column":7}}},"2":{"name":"(anonymous_2)","decl":{"start":{"line":32,"column":2},"end":{"line":32,"column":11}},"loc":{"start":{"line":32,"column":26},"end":{"line":34,"column":null}}},"3":{"name":"(anonymous_3)","decl":{"start":{"line":36,"column":2},"end":{"line":36,"column":9}},"loc":{"start":{"line":36,"column":12},"end":{"line":38,"column":null}}},"4":{"name":"(anonymous_4)","decl":{"start":{"line":40,"column":2},"end":{"line":40,"column":6}},"loc":{"start":{"line":40,"column":36},"end":{"line":43,"column":null}}},"5":{"name":"(anonymous_5)","decl":{"start":{"line":45,"column":2},"end":{"line":45,"column":6}},"loc":{"start":{"line":45,"column":19},"end":{"line":45,"column":null}}},"6":{"name":"(anonymous_6)","decl":{"start":{"line":47,"column":2},"end":{"line":47,"column":7}},"loc":{"start":{"line":47,"column":10},"end":{"line":47,"column":null}}}},"branchMap":{"0":{"loc":{"start":{"line":16,"column":14},"end":{"line":16,"column":52}},"type":"default-arg","locations":[{"start":{"line":16,"column":50},"end":{"line":16,"column":52}}]},"1":{"loc":{"start":{"line":20,"column":28},"end":{"line":20,"column":45}},"type":"binary-expr","locations":[{"start":{"line":20,"column":28},"end":{"line":20,"column":39}},{"start":{"line":20,"column":43},"end":{"line":20,"column":45}}]},"2":{"loc":{"start":{"line":24,"column":8},"end":{"line":24,"column":null}},"type":"if","locations":[{"start":{"line":24,"column":8},"end":{"line":24,"column":null}}]},"3":{"loc":{"start":{"line":32,"column":12},"end":{"line":32,"column":24}},"type":"default-arg","locations":[{"start":{"line":32,"column":22},"end":{"line":32,"column":24}}]},"4":{"loc":{"start":{"line":40,"column":12},"end":{"line":40,"column":34}},"type":"default-arg","locations":[{"start":{"line":40,"column":32},"end":{"line":40,"column":34}}]},"5":{"loc":{"start":{"line":40,"column":14},"end":{"line":40,"column":28}},"type":"default-arg","locations":[{"start":{"line":40,"column":22},"end":{"line":40,"column":28}}]},"6":{"loc":{"start":{"line":42,"column":4},"end":{"line":42,"column":null}},"type":"if","locations":[{"start":{"line":42,"column":4},"end":{"line":42,"column":null}}]}},"s":{"0":4,"1":4,"2":16,"3":8,"4":8,"5":8,"6":8,"7":48,"8":65,"9":65,"10":0,"11":8,"12":0,"13":0,"14":0,"15":0,"16":0,"17":0},"f":{"0":8,"1":65,"2":8,"3":0,"4":0,"5":0,"6":0},"b":{"0":[0],"1":[8,8],"2":[65],"3":[0],"4":[0],"5":[0],"6":[0]}}
}
